2017-08-07 16:11:26,966 - Log4JLogChute initialized using file 'velocity.log'
2017-08-07 16:11:26,967 - Velocity not initialized yet. Calling init()...
2017-08-07 16:11:26,967 - Starting Apache Velocity v1.5 (compiled: 2007-02-22 08:52:29)
2017-08-07 16:11:26,967 - Default Properties File: org/apache/velocity/runtime/defaults/velocity.properties
2017-08-07 16:11:26,967 - Trying to use logger class org.apache.velocity.runtime.log.AvalonLogChute
2017-08-07 16:11:26,968 - Couldn't find class org.apache.velocity.runtime.log.AvalonLogChute or necessary supporting classes in classpath.
java.lang.NoClassDefFoundError: org/apache/log/format/Formatter
	at java.lang.Class.forName0(Native Method)
	at java.lang.Class.forName(Class.java:274)
	at org.apache.velocity.util.ClassUtils.getClass(ClassUtils.java:63)
	at org.apache.velocity.util.ClassUtils.getNewInstance(ClassUtils.java:95)
	at org.apache.velocity.runtime.log.LogManager.createLogChute(LogManager.java:147)
	at org.apache.velocity.runtime.log.LogManager.updateLog(LogManager.java:208)
	at org.apache.velocity.runtime.RuntimeInstance.initializeLog(RuntimeInstance.java:728)
	at org.apache.velocity.runtime.RuntimeInstance.init(RuntimeInstance.java:240)
	at org.apache.velocity.runtime.RuntimeInstance.getTemplate(RuntimeInstance.java:1099)
	at org.apache.velocity.app.VelocityEngine.mergeTemplate(VelocityEngine.java:498)
	at org.springframework.ui.velocity.VelocityEngineUtils.mergeTemplate(VelocityEngineUtils.java:71)
	at org.springframework.ui.velocity.VelocityEngineUtils.mergeTemplateIntoString(VelocityEngineUtils.java:112)
	at org.chapter.databasic.mail.VelocityMailUtil.getContent(VelocityMailUtil.java:101)
	at org.chapter.databasic.mail.VelocityMailUtil.getMimeMessage(VelocityMailUtil.java:65)
	at org.chapter.databasic.mail.VelocityMailUtil.sendHtmlMail(VelocityMailUtil.java:40)
	at org.chapter.database.mail.VelocityMailUtilTest.testTableEmail(VelocityMailUtilTest.java:22)
	at sun.reflect.NativeMethodAccessorImpl.invoke0(Native Method)
	at sun.reflect.NativeMethodAccessorImpl.invoke(NativeMethodAccessorImpl.java:57)
	at sun.reflect.DelegatingMethodAccessorImpl.invoke(DelegatingMethodAccessorImpl.java:43)
	at java.lang.reflect.Method.invoke(Method.java:606)
	at org.junit.runners.model.FrameworkMethod$1.runReflectiveCall(FrameworkMethod.java:50)
	at org.junit.internal.runners.model.ReflectiveCallable.run(ReflectiveCallable.java:12)
	at org.junit.runners.model.FrameworkMethod.invokeExplosively(FrameworkMethod.java:47)
	at org.junit.internal.runners.statements.InvokeMethod.evaluate(InvokeMethod.java:17)
	at org.junit.runners.ParentRunner.runLeaf(ParentRunner.java:325)
	at org.junit.runners.BlockJUnit4ClassRunner.runChild(BlockJUnit4ClassRunner.java:78)
	at org.junit.runners.BlockJUnit4ClassRunner.runChild(BlockJUnit4ClassRunner.java:57)
	at org.junit.runners.ParentRunner$3.run(ParentRunner.java:290)
	at org.junit.runners.ParentRunner$1.schedule(ParentRunner.java:71)
	at org.junit.runners.ParentRunner.runChildren(ParentRunner.java:288)
	at org.junit.runners.ParentRunner.access$000(ParentRunner.java:58)
	at org.junit.runners.ParentRunner$2.evaluate(ParentRunner.java:268)
	at org.junit.runners.ParentRunner.run(ParentRunner.java:363)
	at org.junit.runner.JUnitCore.run(JUnitCore.java:137)
	at com.intellij.junit4.JUnit4IdeaTestRunner.startRunnerWithArgs(JUnit4IdeaTestRunner.java:117)
	at com.intellij.junit4.JUnit4IdeaTestRunner.startRunnerWithArgs(JUnit4IdeaTestRunner.java:42)
	at com.intellij.rt.execution.junit.JUnitStarter.prepareStreamsAndStart(JUnitStarter.java:262)
	at com.intellij.rt.execution.junit.JUnitStarter.main(JUnitStarter.java:84)
	at sun.reflect.NativeMethodAccessorImpl.invoke0(Native Method)
	at sun.reflect.NativeMethodAccessorImpl.invoke(NativeMethodAccessorImpl.java:57)
	at sun.reflect.DelegatingMethodAccessorImpl.invoke(DelegatingMethodAccessorImpl.java:43)
	at java.lang.reflect.Method.invoke(Method.java:606)
	at com.intellij.rt.execution.application.AppMain.main(AppMain.java:147)
Caused by: java.lang.ClassNotFoundException: org.apache.log.format.Formatter
	at java.net.URLClassLoader$1.run(URLClassLoader.java:366)
	at java.net.URLClassLoader$1.run(URLClassLoader.java:355)
	at java.security.AccessController.doPrivileged(Native Method)
	at java.net.URLClassLoader.findClass(URLClassLoader.java:354)
	at java.lang.ClassLoader.loadClass(ClassLoader.java:425)
	at sun.misc.Launcher$AppClassLoader.loadClass(Launcher.java:308)
	at java.lang.ClassLoader.loadClass(ClassLoader.java:358)
	... 43 more
2017-08-07 16:11:26,974 - Trying to use logger class org.apache.velocity.runtime.log.Log4JLogChute
2017-08-07 16:11:26,974 - Using logger class org.apache.velocity.runtime.log.Log4JLogChute
2017-08-07 16:11:26,977 - Default ResourceManager initializing. (class org.apache.velocity.runtime.resource.ResourceManagerImpl)
2017-08-07 16:11:26,980 - ResourceLoader instantiated: org.apache.velocity.runtime.resource.loader.ClasspathResourceLoader
2017-08-07 16:11:27,003 - ResourceCache: initialized (class org.apache.velocity.runtime.resource.ResourceCacheImpl)
2017-08-07 16:11:27,004 - Loaded System Directive: org.apache.velocity.runtime.directive.Literal
2017-08-07 16:11:27,006 - Loaded System Directive: org.apache.velocity.runtime.directive.Macro
2017-08-07 16:11:27,008 - Loaded System Directive: org.apache.velocity.runtime.directive.Parse
2017-08-07 16:11:27,009 - Loaded System Directive: org.apache.velocity.runtime.directive.Include
2017-08-07 16:11:27,010 - Loaded System Directive: org.apache.velocity.runtime.directive.Foreach
2017-08-07 16:11:27,050 - Created '20' parsers.
2017-08-07 16:11:27,062 - Velocimacro : "velocimacro.library" is not set.  Trying default library: VM_global_library.vm
2017-08-07 16:11:27,063 - Velocimacro : Default library not found.
2017-08-07 16:11:27,063 - Velocimacro : allowInline = true : VMs can be defined inline in templates
2017-08-07 16:11:27,063 - Velocimacro : allowInlineToOverride = false : VMs defined inline may NOT replace previous VM definitions
2017-08-07 16:11:27,063 - Velocimacro : allowInlineLocal = false : VMs defined inline will be global in scope if allowed.
2017-08-07 16:11:27,063 - Velocimacro : autoload off : VM system will not automatically reload global library macros
2017-08-07 16:11:27,072 - ResourceManager : found mail_table.vm with loader org.apache.velocity.runtime.resource.loader.ClasspathResourceLoader
2017-08-07 16:12:53,662 - Log4JLogChute initialized using file 'velocity.log'
2017-08-07 16:12:53,663 - Velocity not initialized yet. Calling init()...
2017-08-07 16:12:53,663 - Starting Apache Velocity v1.5 (compiled: 2007-02-22 08:52:29)
2017-08-07 16:12:53,663 - Default Properties File: org/apache/velocity/runtime/defaults/velocity.properties
2017-08-07 16:12:53,663 - Trying to use logger class org.apache.velocity.runtime.log.AvalonLogChute
2017-08-07 16:12:53,664 - Couldn't find class org.apache.velocity.runtime.log.AvalonLogChute or necessary supporting classes in classpath.
java.lang.NoClassDefFoundError: org/apache/log/format/Formatter
	at java.lang.Class.forName0(Native Method)
	at java.lang.Class.forName(Class.java:274)
	at org.apache.velocity.util.ClassUtils.getClass(ClassUtils.java:63)
	at org.apache.velocity.util.ClassUtils.getNewInstance(ClassUtils.java:95)
	at org.apache.velocity.runtime.log.LogManager.createLogChute(LogManager.java:147)
	at org.apache.velocity.runtime.log.LogManager.updateLog(LogManager.java:208)
	at org.apache.velocity.runtime.RuntimeInstance.initializeLog(RuntimeInstance.java:728)
	at org.apache.velocity.runtime.RuntimeInstance.init(RuntimeInstance.java:240)
	at org.apache.velocity.runtime.RuntimeInstance.getTemplate(RuntimeInstance.java:1099)
	at org.apache.velocity.app.VelocityEngine.mergeTemplate(VelocityEngine.java:498)
	at org.springframework.ui.velocity.VelocityEngineUtils.mergeTemplate(VelocityEngineUtils.java:71)
	at org.springframework.ui.velocity.VelocityEngineUtils.mergeTemplateIntoString(VelocityEngineUtils.java:112)
	at org.chapter.databasic.mail.VelocityMailUtil.getContent(VelocityMailUtil.java:101)
	at org.chapter.databasic.mail.VelocityMailUtil.getMimeMessage(VelocityMailUtil.java:65)
	at org.chapter.databasic.mail.VelocityMailUtil.sendHtmlMail(VelocityMailUtil.java:40)
	at org.chapter.database.mail.VelocityMailUtilTest.testTableEmail(VelocityMailUtilTest.java:22)
	at sun.reflect.NativeMethodAccessorImpl.invoke0(Native Method)
	at sun.reflect.NativeMethodAccessorImpl.invoke(NativeMethodAccessorImpl.java:57)
	at sun.reflect.DelegatingMethodAccessorImpl.invoke(DelegatingMethodAccessorImpl.java:43)
	at java.lang.reflect.Method.invoke(Method.java:606)
	at org.junit.runners.model.FrameworkMethod$1.runReflectiveCall(FrameworkMethod.java:50)
	at org.junit.internal.runners.model.ReflectiveCallable.run(ReflectiveCallable.java:12)
	at org.junit.runners.model.FrameworkMethod.invokeExplosively(FrameworkMethod.java:47)
	at org.junit.internal.runners.statements.InvokeMethod.evaluate(InvokeMethod.java:17)
	at org.junit.runners.ParentRunner.runLeaf(ParentRunner.java:325)
	at org.junit.runners.BlockJUnit4ClassRunner.runChild(BlockJUnit4ClassRunner.java:78)
	at org.junit.runners.BlockJUnit4ClassRunner.runChild(BlockJUnit4ClassRunner.java:57)
	at org.junit.runners.ParentRunner$3.run(ParentRunner.java:290)
	at org.junit.runners.ParentRunner$1.schedule(ParentRunner.java:71)
	at org.junit.runners.ParentRunner.runChildren(ParentRunner.java:288)
	at org.junit.runners.ParentRunner.access$000(ParentRunner.java:58)
	at org.junit.runners.ParentRunner$2.evaluate(ParentRunner.java:268)
	at org.junit.runners.ParentRunner.run(ParentRunner.java:363)
	at org.junit.runner.JUnitCore.run(JUnitCore.java:137)
	at com.intellij.junit4.JUnit4IdeaTestRunner.startRunnerWithArgs(JUnit4IdeaTestRunner.java:117)
	at com.intellij.junit4.JUnit4IdeaTestRunner.startRunnerWithArgs(JUnit4IdeaTestRunner.java:42)
	at com.intellij.rt.execution.junit.JUnitStarter.prepareStreamsAndStart(JUnitStarter.java:262)
	at com.intellij.rt.execution.junit.JUnitStarter.main(JUnitStarter.java:84)
	at sun.reflect.NativeMethodAccessorImpl.invoke0(Native Method)
	at sun.reflect.NativeMethodAccessorImpl.invoke(NativeMethodAccessorImpl.java:57)
	at sun.reflect.DelegatingMethodAccessorImpl.invoke(DelegatingMethodAccessorImpl.java:43)
	at java.lang.reflect.Method.invoke(Method.java:606)
	at com.intellij.rt.execution.application.AppMain.main(AppMain.java:147)
Caused by: java.lang.ClassNotFoundException: org.apache.log.format.Formatter
	at java.net.URLClassLoader$1.run(URLClassLoader.java:366)
	at java.net.URLClassLoader$1.run(URLClassLoader.java:355)
	at java.security.AccessController.doPrivileged(Native Method)
	at java.net.URLClassLoader.findClass(URLClassLoader.java:354)
	at java.lang.ClassLoader.loadClass(ClassLoader.java:425)
	at sun.misc.Launcher$AppClassLoader.loadClass(Launcher.java:308)
	at java.lang.ClassLoader.loadClass(ClassLoader.java:358)
	... 43 more
2017-08-07 16:12:53,667 - Trying to use logger class org.apache.velocity.runtime.log.Log4JLogChute
2017-08-07 16:12:53,667 - Using logger class org.apache.velocity.runtime.log.Log4JLogChute
2017-08-07 16:12:53,670 - Default ResourceManager initializing. (class org.apache.velocity.runtime.resource.ResourceManagerImpl)
2017-08-07 16:12:53,675 - ResourceLoader instantiated: org.apache.velocity.runtime.resource.loader.ClasspathResourceLoader
2017-08-07 16:12:53,698 - ResourceCache: initialized (class org.apache.velocity.runtime.resource.ResourceCacheImpl)
2017-08-07 16:12:53,699 - Loaded System Directive: org.apache.velocity.runtime.directive.Literal
2017-08-07 16:12:53,701 - Loaded System Directive: org.apache.velocity.runtime.directive.Macro
2017-08-07 16:12:53,702 - Loaded System Directive: org.apache.velocity.runtime.directive.Parse
2017-08-07 16:12:53,704 - Loaded System Directive: org.apache.velocity.runtime.directive.Include
2017-08-07 16:12:53,704 - Loaded System Directive: org.apache.velocity.runtime.directive.Foreach
2017-08-07 16:12:53,727 - Created '20' parsers.
2017-08-07 16:12:53,734 - Velocimacro : "velocimacro.library" is not set.  Trying default library: VM_global_library.vm
2017-08-07 16:12:53,735 - Velocimacro : Default library not found.
2017-08-07 16:12:53,735 - Velocimacro : allowInline = true : VMs can be defined inline in templates
2017-08-07 16:12:53,735 - Velocimacro : allowInlineToOverride = false : VMs defined inline may NOT replace previous VM definitions
2017-08-07 16:12:53,735 - Velocimacro : allowInlineLocal = false : VMs defined inline will be global in scope if allowed.
2017-08-07 16:12:53,735 - Velocimacro : autoload off : VM system will not automatically reload global library macros
2017-08-07 16:12:53,745 - ResourceManager : found mail_table.vm with loader org.apache.velocity.runtime.resource.loader.ClasspathResourceLoader
2017-08-07 16:14:42,062 - Log4JLogChute initialized using file 'velocity.log'
2017-08-07 16:14:42,062 - Velocity not initialized yet. Calling init()...
2017-08-07 16:14:42,062 - Starting Apache Velocity v1.5 (compiled: 2007-02-22 08:52:29)
2017-08-07 16:14:42,062 - Default Properties File: org/apache/velocity/runtime/defaults/velocity.properties
2017-08-07 16:14:42,062 - Trying to use logger class org.apache.velocity.runtime.log.AvalonLogChute
2017-08-07 16:14:42,063 - Couldn't find class org.apache.velocity.runtime.log.AvalonLogChute or necessary supporting classes in classpath.
java.lang.NoClassDefFoundError: org/apache/log/format/Formatter
	at java.lang.Class.forName0(Native Method)
	at java.lang.Class.forName(Class.java:274)
	at org.apache.velocity.util.ClassUtils.getClass(ClassUtils.java:63)
	at org.apache.velocity.util.ClassUtils.getNewInstance(ClassUtils.java:95)
	at org.apache.velocity.runtime.log.LogManager.createLogChute(LogManager.java:147)
	at org.apache.velocity.runtime.log.LogManager.updateLog(LogManager.java:208)
	at org.apache.velocity.runtime.RuntimeInstance.initializeLog(RuntimeInstance.java:728)
	at org.apache.velocity.runtime.RuntimeInstance.init(RuntimeInstance.java:240)
	at org.apache.velocity.runtime.RuntimeInstance.getTemplate(RuntimeInstance.java:1099)
	at org.apache.velocity.app.VelocityEngine.mergeTemplate(VelocityEngine.java:498)
	at org.springframework.ui.velocity.VelocityEngineUtils.mergeTemplate(VelocityEngineUtils.java:71)
	at org.springframework.ui.velocity.VelocityEngineUtils.mergeTemplateIntoString(VelocityEngineUtils.java:112)
	at org.chapter.databasic.mail.VelocityMailUtil.getContent(VelocityMailUtil.java:101)
	at org.chapter.databasic.mail.VelocityMailUtil.getMimeMessage(VelocityMailUtil.java:65)
	at org.chapter.databasic.mail.VelocityMailUtil.sendHtmlMail(VelocityMailUtil.java:40)
	at org.chapter.database.mail.VelocityMailUtilTest.testTableEmail(VelocityMailUtilTest.java:22)
	at sun.reflect.NativeMethodAccessorImpl.invoke0(Native Method)
	at sun.reflect.NativeMethodAccessorImpl.invoke(NativeMethodAccessorImpl.java:57)
	at sun.reflect.DelegatingMethodAccessorImpl.invoke(DelegatingMethodAccessorImpl.java:43)
	at java.lang.reflect.Method.invoke(Method.java:606)
	at org.junit.runners.model.FrameworkMethod$1.runReflectiveCall(FrameworkMethod.java:50)
	at org.junit.internal.runners.model.ReflectiveCallable.run(ReflectiveCallable.java:12)
	at org.junit.runners.model.FrameworkMethod.invokeExplosively(FrameworkMethod.java:47)
	at org.junit.internal.runners.statements.InvokeMethod.evaluate(InvokeMethod.java:17)
	at org.junit.runners.ParentRunner.runLeaf(ParentRunner.java:325)
	at org.junit.runners.BlockJUnit4ClassRunner.runChild(BlockJUnit4ClassRunner.java:78)
	at org.junit.runners.BlockJUnit4ClassRunner.runChild(BlockJUnit4ClassRunner.java:57)
	at org.junit.runners.ParentRunner$3.run(ParentRunner.java:290)
	at org.junit.runners.ParentRunner$1.schedule(ParentRunner.java:71)
	at org.junit.runners.ParentRunner.runChildren(ParentRunner.java:288)
	at org.junit.runners.ParentRunner.access$000(ParentRunner.java:58)
	at org.junit.runners.ParentRunner$2.evaluate(ParentRunner.java:268)
	at org.junit.runners.ParentRunner.run(ParentRunner.java:363)
	at org.junit.runner.JUnitCore.run(JUnitCore.java:137)
	at com.intellij.junit4.JUnit4IdeaTestRunner.startRunnerWithArgs(JUnit4IdeaTestRunner.java:117)
	at com.intellij.junit4.JUnit4IdeaTestRunner.startRunnerWithArgs(JUnit4IdeaTestRunner.java:42)
	at com.intellij.rt.execution.junit.JUnitStarter.prepareStreamsAndStart(JUnitStarter.java:262)
	at com.intellij.rt.execution.junit.JUnitStarter.main(JUnitStarter.java:84)
	at sun.reflect.NativeMethodAccessorImpl.invoke0(Native Method)
	at sun.reflect.NativeMethodAccessorImpl.invoke(NativeMethodAccessorImpl.java:57)
	at sun.reflect.DelegatingMethodAccessorImpl.invoke(DelegatingMethodAccessorImpl.java:43)
	at java.lang.reflect.Method.invoke(Method.java:606)
	at com.intellij.rt.execution.application.AppMain.main(AppMain.java:147)
Caused by: java.lang.ClassNotFoundException: org.apache.log.format.Formatter
	at java.net.URLClassLoader$1.run(URLClassLoader.java:366)
	at java.net.URLClassLoader$1.run(URLClassLoader.java:355)
	at java.security.AccessController.doPrivileged(Native Method)
	at java.net.URLClassLoader.findClass(URLClassLoader.java:354)
	at java.lang.ClassLoader.loadClass(ClassLoader.java:425)
	at sun.misc.Launcher$AppClassLoader.loadClass(Launcher.java:308)
	at java.lang.ClassLoader.loadClass(ClassLoader.java:358)
	... 43 more
2017-08-07 16:14:42,065 - Trying to use logger class org.apache.velocity.runtime.log.Log4JLogChute
2017-08-07 16:14:42,065 - Using logger class org.apache.velocity.runtime.log.Log4JLogChute
2017-08-07 16:14:42,069 - Default ResourceManager initializing. (class org.apache.velocity.runtime.resource.ResourceManagerImpl)
2017-08-07 16:14:42,071 - ResourceLoader instantiated: org.apache.velocity.runtime.resource.loader.ClasspathResourceLoader
2017-08-07 16:14:42,101 - ResourceCache: initialized (class org.apache.velocity.runtime.resource.ResourceCacheImpl)
2017-08-07 16:14:42,103 - Loaded System Directive: org.apache.velocity.runtime.directive.Literal
2017-08-07 16:14:42,105 - Loaded System Directive: org.apache.velocity.runtime.directive.Macro
2017-08-07 16:14:42,107 - Loaded System Directive: org.apache.velocity.runtime.directive.Parse
2017-08-07 16:14:42,108 - Loaded System Directive: org.apache.velocity.runtime.directive.Include
2017-08-07 16:14:42,109 - Loaded System Directive: org.apache.velocity.runtime.directive.Foreach
2017-08-07 16:14:42,133 - Created '20' parsers.
2017-08-07 16:14:42,140 - Velocimacro : "velocimacro.library" is not set.  Trying default library: VM_global_library.vm
2017-08-07 16:14:42,141 - Velocimacro : Default library not found.
2017-08-07 16:14:42,141 - Velocimacro : allowInline = true : VMs can be defined inline in templates
2017-08-07 16:14:42,141 - Velocimacro : allowInlineToOverride = false : VMs defined inline may NOT replace previous VM definitions
2017-08-07 16:14:42,142 - Velocimacro : allowInlineLocal = false : VMs defined inline will be global in scope if allowed.
2017-08-07 16:14:42,142 - Velocimacro : autoload off : VM system will not automatically reload global library macros
2017-08-07 16:14:42,156 - ResourceManager : found mail_table.vm with loader org.apache.velocity.runtime.resource.loader.ClasspathResourceLoader
2017-08-07 16:16:27,622 - Log4JLogChute initialized using file 'velocity.log'
2017-08-07 16:16:27,623 - Velocity not initialized yet. Calling init()...
2017-08-07 16:16:27,623 - Starting Apache Velocity v1.5 (compiled: 2007-02-22 08:52:29)
2017-08-07 16:16:27,623 - Default Properties File: org/apache/velocity/runtime/defaults/velocity.properties
2017-08-07 16:16:27,623 - Trying to use logger class org.apache.velocity.runtime.log.AvalonLogChute
2017-08-07 16:16:27,624 - Couldn't find class org.apache.velocity.runtime.log.AvalonLogChute or necessary supporting classes in classpath.
java.lang.NoClassDefFoundError: org/apache/log/format/Formatter
	at java.lang.Class.forName0(Native Method)
	at java.lang.Class.forName(Class.java:274)
	at org.apache.velocity.util.ClassUtils.getClass(ClassUtils.java:63)
	at org.apache.velocity.util.ClassUtils.getNewInstance(ClassUtils.java:95)
	at org.apache.velocity.runtime.log.LogManager.createLogChute(LogManager.java:147)
	at org.apache.velocity.runtime.log.LogManager.updateLog(LogManager.java:208)
	at org.apache.velocity.runtime.RuntimeInstance.initializeLog(RuntimeInstance.java:728)
	at org.apache.velocity.runtime.RuntimeInstance.init(RuntimeInstance.java:240)
	at org.apache.velocity.runtime.RuntimeInstance.getTemplate(RuntimeInstance.java:1099)
	at org.apache.velocity.app.VelocityEngine.mergeTemplate(VelocityEngine.java:498)
	at org.springframework.ui.velocity.VelocityEngineUtils.mergeTemplate(VelocityEngineUtils.java:71)
	at org.springframework.ui.velocity.VelocityEngineUtils.mergeTemplateIntoString(VelocityEngineUtils.java:112)
	at org.chapter.databasic.mail.VelocityMailUtil.getContent(VelocityMailUtil.java:101)
	at org.chapter.databasic.mail.VelocityMailUtil.getMimeMessage(VelocityMailUtil.java:65)
	at org.chapter.databasic.mail.VelocityMailUtil.sendHtmlMail(VelocityMailUtil.java:40)
	at org.chapter.database.mail.VelocityMailUtilTest.sendEmail(VelocityMailUtilTest.java:31)
	at org.chapter.database.mail.VelocityMailUtilTest.testTableEmail(VelocityMailUtilTest.java:18)
	at sun.reflect.NativeMethodAccessorImpl.invoke0(Native Method)
	at sun.reflect.NativeMethodAccessorImpl.invoke(NativeMethodAccessorImpl.java:57)
	at sun.reflect.DelegatingMethodAccessorImpl.invoke(DelegatingMethodAccessorImpl.java:43)
	at java.lang.reflect.Method.invoke(Method.java:606)
	at org.junit.runners.model.FrameworkMethod$1.runReflectiveCall(FrameworkMethod.java:50)
	at org.junit.internal.runners.model.ReflectiveCallable.run(ReflectiveCallable.java:12)
	at org.junit.runners.model.FrameworkMethod.invokeExplosively(FrameworkMethod.java:47)
	at org.junit.internal.runners.statements.InvokeMethod.evaluate(InvokeMethod.java:17)
	at org.junit.runners.ParentRunner.runLeaf(ParentRunner.java:325)
	at org.junit.runners.BlockJUnit4ClassRunner.runChild(BlockJUnit4ClassRunner.java:78)
	at org.junit.runners.BlockJUnit4ClassRunner.runChild(BlockJUnit4ClassRunner.java:57)
	at org.junit.runners.ParentRunner$3.run(ParentRunner.java:290)
	at org.junit.runners.ParentRunner$1.schedule(ParentRunner.java:71)
	at org.junit.runners.ParentRunner.runChildren(ParentRunner.java:288)
	at org.junit.runners.ParentRunner.access$000(ParentRunner.java:58)
	at org.junit.runners.ParentRunner$2.evaluate(ParentRunner.java:268)
	at org.junit.runners.ParentRunner.run(ParentRunner.java:363)
	at org.junit.runner.JUnitCore.run(JUnitCore.java:137)
	at com.intellij.junit4.JUnit4IdeaTestRunner.startRunnerWithArgs(JUnit4IdeaTestRunner.java:117)
	at com.intellij.junit4.JUnit4IdeaTestRunner.startRunnerWithArgs(JUnit4IdeaTestRunner.java:42)
	at com.intellij.rt.execution.junit.JUnitStarter.prepareStreamsAndStart(JUnitStarter.java:262)
	at com.intellij.rt.execution.junit.JUnitStarter.main(JUnitStarter.java:84)
	at sun.reflect.NativeMethodAccessorImpl.invoke0(Native Method)
	at sun.reflect.NativeMethodAccessorImpl.invoke(NativeMethodAccessorImpl.java:57)
	at sun.reflect.DelegatingMethodAccessorImpl.invoke(DelegatingMethodAccessorImpl.java:43)
	at java.lang.reflect.Method.invoke(Method.java:606)
	at com.intellij.rt.execution.application.AppMain.main(AppMain.java:147)
Caused by: java.lang.ClassNotFoundException: org.apache.log.format.Formatter
	at java.net.URLClassLoader$1.run(URLClassLoader.java:366)
	at java.net.URLClassLoader$1.run(URLClassLoader.java:355)
	at java.security.AccessController.doPrivileged(Native Method)
	at java.net.URLClassLoader.findClass(URLClassLoader.java:354)
	at java.lang.ClassLoader.loadClass(ClassLoader.java:425)
	at sun.misc.Launcher$AppClassLoader.loadClass(Launcher.java:308)
	at java.lang.ClassLoader.loadClass(ClassLoader.java:358)
	... 44 more
2017-08-07 16:16:27,628 - Trying to use logger class org.apache.velocity.runtime.log.Log4JLogChute
2017-08-07 16:16:27,628 - Using logger class org.apache.velocity.runtime.log.Log4JLogChute
2017-08-07 16:16:27,635 - Default ResourceManager initializing. (class org.apache.velocity.runtime.resource.ResourceManagerImpl)
2017-08-07 16:16:27,638 - ResourceLoader instantiated: org.apache.velocity.runtime.resource.loader.ClasspathResourceLoader
2017-08-07 16:16:27,698 - ResourceCache: initialized (class org.apache.velocity.runtime.resource.ResourceCacheImpl)
2017-08-07 16:16:27,706 - Loaded System Directive: org.apache.velocity.runtime.directive.Literal
2017-08-07 16:16:27,708 - Loaded System Directive: org.apache.velocity.runtime.directive.Macro
2017-08-07 16:16:27,711 - Loaded System Directive: org.apache.velocity.runtime.directive.Parse
2017-08-07 16:16:27,716 - Loaded System Directive: org.apache.velocity.runtime.directive.Include
2017-08-07 16:16:27,718 - Loaded System Directive: org.apache.velocity.runtime.directive.Foreach
2017-08-07 16:16:27,757 - Created '20' parsers.
2017-08-07 16:16:27,774 - Velocimacro : "velocimacro.library" is not set.  Trying default library: VM_global_library.vm
2017-08-07 16:16:27,775 - Velocimacro : Default library not found.
2017-08-07 16:16:27,775 - Velocimacro : allowInline = true : VMs can be defined inline in templates
2017-08-07 16:16:27,775 - Velocimacro : allowInlineToOverride = false : VMs defined inline may NOT replace previous VM definitions
2017-08-07 16:16:27,775 - Velocimacro : allowInlineLocal = false : VMs defined inline will be global in scope if allowed.
2017-08-07 16:16:27,775 - Velocimacro : autoload off : VM system will not automatically reload global library macros
2017-08-07 16:16:27,794 - ResourceManager : found mail_table.vm with loader org.apache.velocity.runtime.resource.loader.ClasspathResourceLoader
2017-08-07 16:16:30,065 - Log4JLogChute initialized using file 'velocity.log'
2017-08-07 16:16:30,065 - Velocity not initialized yet. Calling init()...
2017-08-07 16:16:30,065 - Starting Apache Velocity v1.5 (compiled: 2007-02-22 08:52:29)
2017-08-07 16:16:30,065 - Default Properties File: org/apache/velocity/runtime/defaults/velocity.properties
2017-08-07 16:16:30,065 - Trying to use logger class org.apache.velocity.runtime.log.AvalonLogChute
2017-08-07 16:16:30,065 - Couldn't find class org.apache.velocity.runtime.log.AvalonLogChute or necessary supporting classes in classpath.
java.lang.NoClassDefFoundError: org/apache/log/format/Formatter
	at java.lang.Class.forName0(Native Method)
	at java.lang.Class.forName(Class.java:274)
	at org.apache.velocity.util.ClassUtils.getClass(ClassUtils.java:63)
	at org.apache.velocity.util.ClassUtils.getNewInstance(ClassUtils.java:95)
	at org.apache.velocity.runtime.log.LogManager.createLogChute(LogManager.java:147)
	at org.apache.velocity.runtime.log.LogManager.updateLog(LogManager.java:208)
	at org.apache.velocity.runtime.RuntimeInstance.initializeLog(RuntimeInstance.java:728)
	at org.apache.velocity.runtime.RuntimeInstance.init(RuntimeInstance.java:240)
	at org.apache.velocity.runtime.RuntimeInstance.getTemplate(RuntimeInstance.java:1099)
	at org.apache.velocity.app.VelocityEngine.mergeTemplate(VelocityEngine.java:498)
	at org.springframework.ui.velocity.VelocityEngineUtils.mergeTemplate(VelocityEngineUtils.java:71)
	at org.springframework.ui.velocity.VelocityEngineUtils.mergeTemplateIntoString(VelocityEngineUtils.java:112)
	at org.chapter.databasic.mail.VelocityMailUtil.getContent(VelocityMailUtil.java:101)
	at org.chapter.databasic.mail.VelocityMailUtil.getMimeMessage(VelocityMailUtil.java:65)
	at org.chapter.databasic.mail.VelocityMailUtil.sendHtmlMail(VelocityMailUtil.java:40)
	at org.chapter.database.mail.VelocityMailUtilTest.sendEmail(VelocityMailUtilTest.java:31)
	at org.chapter.database.mail.VelocityMailUtilTest.testTableEmail(VelocityMailUtilTest.java:18)
	at sun.reflect.NativeMethodAccessorImpl.invoke0(Native Method)
	at sun.reflect.NativeMethodAccessorImpl.invoke(NativeMethodAccessorImpl.java:57)
	at sun.reflect.DelegatingMethodAccessorImpl.invoke(DelegatingMethodAccessorImpl.java:43)
	at java.lang.reflect.Method.invoke(Method.java:606)
	at org.junit.runners.model.FrameworkMethod$1.runReflectiveCall(FrameworkMethod.java:50)
	at org.junit.internal.runners.model.ReflectiveCallable.run(ReflectiveCallable.java:12)
	at org.junit.runners.model.FrameworkMethod.invokeExplosively(FrameworkMethod.java:47)
	at org.junit.internal.runners.statements.InvokeMethod.evaluate(InvokeMethod.java:17)
	at org.junit.runners.ParentRunner.runLeaf(ParentRunner.java:325)
	at org.junit.runners.BlockJUnit4ClassRunner.runChild(BlockJUnit4ClassRunner.java:78)
	at org.junit.runners.BlockJUnit4ClassRunner.runChild(BlockJUnit4ClassRunner.java:57)
	at org.junit.runners.ParentRunner$3.run(ParentRunner.java:290)
	at org.junit.runners.ParentRunner$1.schedule(ParentRunner.java:71)
	at org.junit.runners.ParentRunner.runChildren(ParentRunner.java:288)
	at org.junit.runners.ParentRunner.access$000(ParentRunner.java:58)
	at org.junit.runners.ParentRunner$2.evaluate(ParentRunner.java:268)
	at org.junit.runners.ParentRunner.run(ParentRunner.java:363)
	at org.junit.runner.JUnitCore.run(JUnitCore.java:137)
	at com.intellij.junit4.JUnit4IdeaTestRunner.startRunnerWithArgs(JUnit4IdeaTestRunner.java:117)
	at com.intellij.junit4.JUnit4IdeaTestRunner.startRunnerWithArgs(JUnit4IdeaTestRunner.java:42)
	at com.intellij.rt.execution.junit.JUnitStarter.prepareStreamsAndStart(JUnitStarter.java:262)
	at com.intellij.rt.execution.junit.JUnitStarter.main(JUnitStarter.java:84)
	at sun.reflect.NativeMethodAccessorImpl.invoke0(Native Method)
	at sun.reflect.NativeMethodAccessorImpl.invoke(NativeMethodAccessorImpl.java:57)
	at sun.reflect.DelegatingMethodAccessorImpl.invoke(DelegatingMethodAccessorImpl.java:43)
	at java.lang.reflect.Method.invoke(Method.java:606)
	at com.intellij.rt.execution.application.AppMain.main(AppMain.java:147)
Caused by: java.lang.ClassNotFoundException: org.apache.log.format.Formatter
	at java.net.URLClassLoader$1.run(URLClassLoader.java:366)
	at java.net.URLClassLoader$1.run(URLClassLoader.java:355)
	at java.security.AccessController.doPrivileged(Native Method)
	at java.net.URLClassLoader.findClass(URLClassLoader.java:354)
	at java.lang.ClassLoader.loadClass(ClassLoader.java:425)
	at sun.misc.Launcher$AppClassLoader.loadClass(Launcher.java:308)
	at java.lang.ClassLoader.loadClass(ClassLoader.java:358)
	... 44 more
2017-08-07 16:16:30,066 - Trying to use logger class org.apache.velocity.runtime.log.Log4JLogChute
2017-08-07 16:16:30,066 - Using logger class org.apache.velocity.runtime.log.Log4JLogChute
2017-08-07 16:16:30,066 - Default ResourceManager initializing. (class org.apache.velocity.runtime.resource.ResourceManagerImpl)
2017-08-07 16:16:30,066 - ResourceLoader instantiated: org.apache.velocity.runtime.resource.loader.ClasspathResourceLoader
2017-08-07 16:16:30,066 - ResourceCache: initialized (class org.apache.velocity.runtime.resource.ResourceCacheImpl)
2017-08-07 16:16:30,067 - Loaded System Directive: org.apache.velocity.runtime.directive.Literal
2017-08-07 16:16:30,067 - Loaded System Directive: org.apache.velocity.runtime.directive.Macro
2017-08-07 16:16:30,067 - Loaded System Directive: org.apache.velocity.runtime.directive.Parse
2017-08-07 16:16:30,067 - Loaded System Directive: org.apache.velocity.runtime.directive.Include
2017-08-07 16:16:30,067 - Loaded System Directive: org.apache.velocity.runtime.directive.Foreach
2017-08-07 16:16:30,068 - Created '20' parsers.
2017-08-07 16:16:30,068 - Velocimacro : "velocimacro.library" is not set.  Trying default library: VM_global_library.vm
2017-08-07 16:16:30,068 - Velocimacro : Default library not found.
2017-08-07 16:16:30,068 - Velocimacro : allowInline = true : VMs can be defined inline in templates
2017-08-07 16:16:30,069 - Velocimacro : allowInlineToOverride = false : VMs defined inline may NOT replace previous VM definitions
2017-08-07 16:16:30,069 - Velocimacro : allowInlineLocal = false : VMs defined inline will be global in scope if allowed.
2017-08-07 16:16:30,069 - Velocimacro : autoload off : VM system will not automatically reload global library macros
2017-08-07 16:16:30,070 - ResourceManager : found mail_table.vm with loader org.apache.velocity.runtime.resource.loader.ClasspathResourceLoader
2017-08-07 16:16:32,381 - Log4JLogChute initialized using file 'velocity.log'
2017-08-07 16:16:32,381 - Log4JLogChute initialized using file 'velocity.log'
2017-08-07 16:16:32,381 - Velocity not initialized yet. Calling init()...
2017-08-07 16:16:32,381 - Velocity not initialized yet. Calling init()...
2017-08-07 16:16:32,381 - Starting Apache Velocity v1.5 (compiled: 2007-02-22 08:52:29)
2017-08-07 16:16:32,381 - Starting Apache Velocity v1.5 (compiled: 2007-02-22 08:52:29)
2017-08-07 16:16:32,381 - Default Properties File: org/apache/velocity/runtime/defaults/velocity.properties
2017-08-07 16:16:32,381 - Default Properties File: org/apache/velocity/runtime/defaults/velocity.properties
2017-08-07 16:16:32,381 - Trying to use logger class org.apache.velocity.runtime.log.AvalonLogChute
2017-08-07 16:16:32,381 - Trying to use logger class org.apache.velocity.runtime.log.AvalonLogChute
2017-08-07 16:16:32,381 - Couldn't find class org.apache.velocity.runtime.log.AvalonLogChute or necessary supporting classes in classpath.
java.lang.NoClassDefFoundError: org/apache/log/format/Formatter
	at java.lang.Class.forName0(Native Method)
	at java.lang.Class.forName(Class.java:274)
	at org.apache.velocity.util.ClassUtils.getClass(ClassUtils.java:63)
	at org.apache.velocity.util.ClassUtils.getNewInstance(ClassUtils.java:95)
	at org.apache.velocity.runtime.log.LogManager.createLogChute(LogManager.java:147)
	at org.apache.velocity.runtime.log.LogManager.updateLog(LogManager.java:208)
	at org.apache.velocity.runtime.RuntimeInstance.initializeLog(RuntimeInstance.java:728)
	at org.apache.velocity.runtime.RuntimeInstance.init(RuntimeInstance.java:240)
	at org.apache.velocity.runtime.RuntimeInstance.getTemplate(RuntimeInstance.java:1099)
	at org.apache.velocity.app.VelocityEngine.mergeTemplate(VelocityEngine.java:498)
	at org.springframework.ui.velocity.VelocityEngineUtils.mergeTemplate(VelocityEngineUtils.java:71)
	at org.springframework.ui.velocity.VelocityEngineUtils.mergeTemplateIntoString(VelocityEngineUtils.java:112)
	at org.chapter.databasic.mail.VelocityMailUtil.getContent(VelocityMailUtil.java:101)
	at org.chapter.databasic.mail.VelocityMailUtil.getMimeMessage(VelocityMailUtil.java:65)
	at org.chapter.databasic.mail.VelocityMailUtil.sendHtmlMail(VelocityMailUtil.java:40)
	at org.chapter.database.mail.VelocityMailUtilTest.sendEmail(VelocityMailUtilTest.java:31)
	at org.chapter.database.mail.VelocityMailUtilTest.testTableEmail(VelocityMailUtilTest.java:18)
	at sun.reflect.NativeMethodAccessorImpl.invoke0(Native Method)
	at sun.reflect.NativeMethodAccessorImpl.invoke(NativeMethodAccessorImpl.java:57)
	at sun.reflect.DelegatingMethodAccessorImpl.invoke(DelegatingMethodAccessorImpl.java:43)
	at java.lang.reflect.Method.invoke(Method.java:606)
	at org.junit.runners.model.FrameworkMethod$1.runReflectiveCall(FrameworkMethod.java:50)
	at org.junit.internal.runners.model.ReflectiveCallable.run(ReflectiveCallable.java:12)
	at org.junit.runners.model.FrameworkMethod.invokeExplosively(FrameworkMethod.java:47)
	at org.junit.internal.runners.statements.InvokeMethod.evaluate(InvokeMethod.java:17)
	at org.junit.runners.ParentRunner.runLeaf(ParentRunner.java:325)
	at org.junit.runners.BlockJUnit4ClassRunner.runChild(BlockJUnit4ClassRunner.java:78)
	at org.junit.runners.BlockJUnit4ClassRunner.runChild(BlockJUnit4ClassRunner.java:57)
	at org.junit.runners.ParentRunner$3.run(ParentRunner.java:290)
	at org.junit.runners.ParentRunner$1.schedule(ParentRunner.java:71)
	at org.junit.runners.ParentRunner.runChildren(ParentRunner.java:288)
	at org.junit.runners.ParentRunner.access$000(ParentRunner.java:58)
	at org.junit.runners.ParentRunner$2.evaluate(ParentRunner.java:268)
	at org.junit.runners.ParentRunner.run(ParentRunner.java:363)
	at org.junit.runner.JUnitCore.run(JUnitCore.java:137)
	at com.intellij.junit4.JUnit4IdeaTestRunner.startRunnerWithArgs(JUnit4IdeaTestRunner.java:117)
	at com.intellij.junit4.JUnit4IdeaTestRunner.startRunnerWithArgs(JUnit4IdeaTestRunner.java:42)
	at com.intellij.rt.execution.junit.JUnitStarter.prepareStreamsAndStart(JUnitStarter.java:262)
	at com.intellij.rt.execution.junit.JUnitStarter.main(JUnitStarter.java:84)
	at sun.reflect.NativeMethodAccessorImpl.invoke0(Native Method)
	at sun.reflect.NativeMethodAccessorImpl.invoke(NativeMethodAccessorImpl.java:57)
	at sun.reflect.DelegatingMethodAccessorImpl.invoke(DelegatingMethodAccessorImpl.java:43)
	at java.lang.reflect.Method.invoke(Method.java:606)
	at com.intellij.rt.execution.application.AppMain.main(AppMain.java:147)
Caused by: java.lang.ClassNotFoundException: org.apache.log.format.Formatter
	at java.net.URLClassLoader$1.run(URLClassLoader.java:366)
	at java.net.URLClassLoader$1.run(URLClassLoader.java:355)
	at java.security.AccessController.doPrivileged(Native Method)
	at java.net.URLClassLoader.findClass(URLClassLoader.java:354)
	at java.lang.ClassLoader.loadClass(ClassLoader.java:425)
	at sun.misc.Launcher$AppClassLoader.loadClass(Launcher.java:308)
	at java.lang.ClassLoader.loadClass(ClassLoader.java:358)
	... 44 more
2017-08-07 16:16:32,381 - Couldn't find class org.apache.velocity.runtime.log.AvalonLogChute or necessary supporting classes in classpath.
java.lang.NoClassDefFoundError: org/apache/log/format/Formatter
	at java.lang.Class.forName0(Native Method)
	at java.lang.Class.forName(Class.java:274)
	at org.apache.velocity.util.ClassUtils.getClass(ClassUtils.java:63)
	at org.apache.velocity.util.ClassUtils.getNewInstance(ClassUtils.java:95)
	at org.apache.velocity.runtime.log.LogManager.createLogChute(LogManager.java:147)
	at org.apache.velocity.runtime.log.LogManager.updateLog(LogManager.java:208)
	at org.apache.velocity.runtime.RuntimeInstance.initializeLog(RuntimeInstance.java:728)
	at org.apache.velocity.runtime.RuntimeInstance.init(RuntimeInstance.java:240)
	at org.apache.velocity.runtime.RuntimeInstance.getTemplate(RuntimeInstance.java:1099)
	at org.apache.velocity.app.VelocityEngine.mergeTemplate(VelocityEngine.java:498)
	at org.springframework.ui.velocity.VelocityEngineUtils.mergeTemplate(VelocityEngineUtils.java:71)
	at org.springframework.ui.velocity.VelocityEngineUtils.mergeTemplateIntoString(VelocityEngineUtils.java:112)
	at org.chapter.databasic.mail.VelocityMailUtil.getContent(VelocityMailUtil.java:101)
	at org.chapter.databasic.mail.VelocityMailUtil.getMimeMessage(VelocityMailUtil.java:65)
	at org.chapter.databasic.mail.VelocityMailUtil.sendHtmlMail(VelocityMailUtil.java:40)
	at org.chapter.database.mail.VelocityMailUtilTest.sendEmail(VelocityMailUtilTest.java:31)
	at org.chapter.database.mail.VelocityMailUtilTest.testTableEmail(VelocityMailUtilTest.java:18)
	at sun.reflect.NativeMethodAccessorImpl.invoke0(Native Method)
	at sun.reflect.NativeMethodAccessorImpl.invoke(NativeMethodAccessorImpl.java:57)
	at sun.reflect.DelegatingMethodAccessorImpl.invoke(DelegatingMethodAccessorImpl.java:43)
	at java.lang.reflect.Method.invoke(Method.java:606)
	at org.junit.runners.model.FrameworkMethod$1.runReflectiveCall(FrameworkMethod.java:50)
	at org.junit.internal.runners.model.ReflectiveCallable.run(ReflectiveCallable.java:12)
	at org.junit.runners.model.FrameworkMethod.invokeExplosively(FrameworkMethod.java:47)
	at org.junit.internal.runners.statements.InvokeMethod.evaluate(InvokeMethod.java:17)
	at org.junit.runners.ParentRunner.runLeaf(ParentRunner.java:325)
	at org.junit.runners.BlockJUnit4ClassRunner.runChild(BlockJUnit4ClassRunner.java:78)
	at org.junit.runners.BlockJUnit4ClassRunner.runChild(BlockJUnit4ClassRunner.java:57)
	at org.junit.runners.ParentRunner$3.run(ParentRunner.java:290)
	at org.junit.runners.ParentRunner$1.schedule(ParentRunner.java:71)
	at org.junit.runners.ParentRunner.runChildren(ParentRunner.java:288)
	at org.junit.runners.ParentRunner.access$000(ParentRunner.java:58)
	at org.junit.runners.ParentRunner$2.evaluate(ParentRunner.java:268)
	at org.junit.runners.ParentRunner.run(ParentRunner.java:363)
	at org.junit.runner.JUnitCore.run(JUnitCore.java:137)
	at com.intellij.junit4.JUnit4IdeaTestRunner.startRunnerWithArgs(JUnit4IdeaTestRunner.java:117)
	at com.intellij.junit4.JUnit4IdeaTestRunner.startRunnerWithArgs(JUnit4IdeaTestRunner.java:42)
	at com.intellij.rt.execution.junit.JUnitStarter.prepareStreamsAndStart(JUnitStarter.java:262)
	at com.intellij.rt.execution.junit.JUnitStarter.main(JUnitStarter.java:84)
	at sun.reflect.NativeMethodAccessorImpl.invoke0(Native Method)
	at sun.reflect.NativeMethodAccessorImpl.invoke(NativeMethodAccessorImpl.java:57)
	at sun.reflect.DelegatingMethodAccessorImpl.invoke(DelegatingMethodAccessorImpl.java:43)
	at java.lang.reflect.Method.invoke(Method.java:606)
	at com.intellij.rt.execution.application.AppMain.main(AppMain.java:147)
Caused by: java.lang.ClassNotFoundException: org.apache.log.format.Formatter
	at java.net.URLClassLoader$1.run(URLClassLoader.java:366)
	at java.net.URLClassLoader$1.run(URLClassLoader.java:355)
	at java.security.AccessController.doPrivileged(Native Method)
	at java.net.URLClassLoader.findClass(URLClassLoader.java:354)
	at java.lang.ClassLoader.loadClass(ClassLoader.java:425)
	at sun.misc.Launcher$AppClassLoader.loadClass(Launcher.java:308)
	at java.lang.ClassLoader.loadClass(ClassLoader.java:358)
	... 44 more
2017-08-07 16:16:32,382 - Trying to use logger class org.apache.velocity.runtime.log.Log4JLogChute
2017-08-07 16:16:32,382 - Trying to use logger class org.apache.velocity.runtime.log.Log4JLogChute
2017-08-07 16:16:32,382 - Using logger class org.apache.velocity.runtime.log.Log4JLogChute
2017-08-07 16:16:32,382 - Using logger class org.apache.velocity.runtime.log.Log4JLogChute
2017-08-07 16:16:32,382 - Default ResourceManager initializing. (class org.apache.velocity.runtime.resource.ResourceManagerImpl)
2017-08-07 16:16:32,382 - Default ResourceManager initializing. (class org.apache.velocity.runtime.resource.ResourceManagerImpl)
2017-08-07 16:16:32,382 - ResourceLoader instantiated: org.apache.velocity.runtime.resource.loader.ClasspathResourceLoader
2017-08-07 16:16:32,382 - ResourceLoader instantiated: org.apache.velocity.runtime.resource.loader.ClasspathResourceLoader
2017-08-07 16:16:32,382 - ResourceCache: initialized (class org.apache.velocity.runtime.resource.ResourceCacheImpl)
2017-08-07 16:16:32,382 - ResourceCache: initialized (class org.apache.velocity.runtime.resource.ResourceCacheImpl)
2017-08-07 16:16:32,383 - Loaded System Directive: org.apache.velocity.runtime.directive.Literal
2017-08-07 16:16:32,383 - Loaded System Directive: org.apache.velocity.runtime.directive.Literal
2017-08-07 16:16:32,383 - Loaded System Directive: org.apache.velocity.runtime.directive.Macro
2017-08-07 16:16:32,383 - Loaded System Directive: org.apache.velocity.runtime.directive.Macro
2017-08-07 16:16:32,383 - Loaded System Directive: org.apache.velocity.runtime.directive.Parse
2017-08-07 16:16:32,383 - Loaded System Directive: org.apache.velocity.runtime.directive.Parse
2017-08-07 16:16:32,383 - Loaded System Directive: org.apache.velocity.runtime.directive.Include
2017-08-07 16:16:32,383 - Loaded System Directive: org.apache.velocity.runtime.directive.Include
2017-08-07 16:16:32,383 - Loaded System Directive: org.apache.velocity.runtime.directive.Foreach
2017-08-07 16:16:32,383 - Loaded System Directive: org.apache.velocity.runtime.directive.Foreach
2017-08-07 16:16:32,384 - Created '20' parsers.
2017-08-07 16:16:32,384 - Created '20' parsers.
2017-08-07 16:16:32,384 - Velocimacro : "velocimacro.library" is not set.  Trying default library: VM_global_library.vm
2017-08-07 16:16:32,384 - Velocimacro : "velocimacro.library" is not set.  Trying default library: VM_global_library.vm
2017-08-07 16:16:32,385 - Velocimacro : Default library not found.
2017-08-07 16:16:32,385 - Velocimacro : Default library not found.
2017-08-07 16:16:32,385 - Velocimacro : allowInline = true : VMs can be defined inline in templates
2017-08-07 16:16:32,385 - Velocimacro : allowInline = true : VMs can be defined inline in templates
2017-08-07 16:16:32,385 - Velocimacro : allowInlineToOverride = false : VMs defined inline may NOT replace previous VM definitions
2017-08-07 16:16:32,385 - Velocimacro : allowInlineToOverride = false : VMs defined inline may NOT replace previous VM definitions
2017-08-07 16:16:32,385 - Velocimacro : allowInlineLocal = false : VMs defined inline will be global in scope if allowed.
2017-08-07 16:16:32,385 - Velocimacro : allowInlineLocal = false : VMs defined inline will be global in scope if allowed.
2017-08-07 16:16:32,385 - Velocimacro : autoload off : VM system will not automatically reload global library macros
2017-08-07 16:16:32,385 - Velocimacro : autoload off : VM system will not automatically reload global library macros
2017-08-07 16:16:32,386 - ResourceManager : found mail_table.vm with loader org.apache.velocity.runtime.resource.loader.ClasspathResourceLoader
2017-08-07 16:16:32,386 - ResourceManager : found mail_table.vm with loader org.apache.velocity.runtime.resource.loader.ClasspathResourceLoader
2017-08-07 16:16:34,760 - Log4JLogChute initialized using file 'velocity.log'
2017-08-07 16:16:34,760 - Log4JLogChute initialized using file 'velocity.log'
2017-08-07 16:16:34,760 - Log4JLogChute initialized using file 'velocity.log'
2017-08-07 16:16:34,760 - Velocity not initialized yet. Calling init()...
2017-08-07 16:16:34,760 - Velocity not initialized yet. Calling init()...
2017-08-07 16:16:34,760 - Velocity not initialized yet. Calling init()...
2017-08-07 16:16:34,760 - Starting Apache Velocity v1.5 (compiled: 2007-02-22 08:52:29)
2017-08-07 16:16:34,760 - Starting Apache Velocity v1.5 (compiled: 2007-02-22 08:52:29)
2017-08-07 16:16:34,760 - Starting Apache Velocity v1.5 (compiled: 2007-02-22 08:52:29)
2017-08-07 16:16:34,760 - Default Properties File: org/apache/velocity/runtime/defaults/velocity.properties
2017-08-07 16:16:34,760 - Default Properties File: org/apache/velocity/runtime/defaults/velocity.properties
2017-08-07 16:16:34,760 - Default Properties File: org/apache/velocity/runtime/defaults/velocity.properties
2017-08-07 16:16:34,760 - Trying to use logger class org.apache.velocity.runtime.log.AvalonLogChute
2017-08-07 16:16:34,760 - Trying to use logger class org.apache.velocity.runtime.log.AvalonLogChute
2017-08-07 16:16:34,760 - Trying to use logger class org.apache.velocity.runtime.log.AvalonLogChute
2017-08-07 16:16:34,760 - Couldn't find class org.apache.velocity.runtime.log.AvalonLogChute or necessary supporting classes in classpath.
java.lang.NoClassDefFoundError: org/apache/log/format/Formatter
	at java.lang.Class.forName0(Native Method)
	at java.lang.Class.forName(Class.java:274)
	at org.apache.velocity.util.ClassUtils.getClass(ClassUtils.java:63)
	at org.apache.velocity.util.ClassUtils.getNewInstance(ClassUtils.java:95)
	at org.apache.velocity.runtime.log.LogManager.createLogChute(LogManager.java:147)
	at org.apache.velocity.runtime.log.LogManager.updateLog(LogManager.java:208)
	at org.apache.velocity.runtime.RuntimeInstance.initializeLog(RuntimeInstance.java:728)
	at org.apache.velocity.runtime.RuntimeInstance.init(RuntimeInstance.java:240)
	at org.apache.velocity.runtime.RuntimeInstance.getTemplate(RuntimeInstance.java:1099)
	at org.apache.velocity.app.VelocityEngine.mergeTemplate(VelocityEngine.java:498)
	at org.springframework.ui.velocity.VelocityEngineUtils.mergeTemplate(VelocityEngineUtils.java:71)
	at org.springframework.ui.velocity.VelocityEngineUtils.mergeTemplateIntoString(VelocityEngineUtils.java:112)
	at org.chapter.databasic.mail.VelocityMailUtil.getContent(VelocityMailUtil.java:101)
	at org.chapter.databasic.mail.VelocityMailUtil.getMimeMessage(VelocityMailUtil.java:65)
	at org.chapter.databasic.mail.VelocityMailUtil.sendHtmlMail(VelocityMailUtil.java:40)
	at org.chapter.database.mail.VelocityMailUtilTest.sendEmail(VelocityMailUtilTest.java:31)
	at org.chapter.database.mail.VelocityMailUtilTest.testTableEmail(VelocityMailUtilTest.java:18)
	at sun.reflect.NativeMethodAccessorImpl.invoke0(Native Method)
	at sun.reflect.NativeMethodAccessorImpl.invoke(NativeMethodAccessorImpl.java:57)
	at sun.reflect.DelegatingMethodAccessorImpl.invoke(DelegatingMethodAccessorImpl.java:43)
	at java.lang.reflect.Method.invoke(Method.java:606)
	at org.junit.runners.model.FrameworkMethod$1.runReflectiveCall(FrameworkMethod.java:50)
	at org.junit.internal.runners.model.ReflectiveCallable.run(ReflectiveCallable.java:12)
	at org.junit.runners.model.FrameworkMethod.invokeExplosively(FrameworkMethod.java:47)
	at org.junit.internal.runners.statements.InvokeMethod.evaluate(InvokeMethod.java:17)
	at org.junit.runners.ParentRunner.runLeaf(ParentRunner.java:325)
	at org.junit.runners.BlockJUnit4ClassRunner.runChild(BlockJUnit4ClassRunner.java:78)
	at org.junit.runners.BlockJUnit4ClassRunner.runChild(BlockJUnit4ClassRunner.java:57)
	at org.junit.runners.ParentRunner$3.run(ParentRunner.java:290)
	at org.junit.runners.ParentRunner$1.schedule(ParentRunner.java:71)
	at org.junit.runners.ParentRunner.runChildren(ParentRunner.java:288)
	at org.junit.runners.ParentRunner.access$000(ParentRunner.java:58)
	at org.junit.runners.ParentRunner$2.evaluate(ParentRunner.java:268)
	at org.junit.runners.ParentRunner.run(ParentRunner.java:363)
	at org.junit.runner.JUnitCore.run(JUnitCore.java:137)
	at com.intellij.junit4.JUnit4IdeaTestRunner.startRunnerWithArgs(JUnit4IdeaTestRunner.java:117)
	at com.intellij.junit4.JUnit4IdeaTestRunner.startRunnerWithArgs(JUnit4IdeaTestRunner.java:42)
	at com.intellij.rt.execution.junit.JUnitStarter.prepareStreamsAndStart(JUnitStarter.java:262)
	at com.intellij.rt.execution.junit.JUnitStarter.main(JUnitStarter.java:84)
	at sun.reflect.NativeMethodAccessorImpl.invoke0(Native Method)
	at sun.reflect.NativeMethodAccessorImpl.invoke(NativeMethodAccessorImpl.java:57)
	at sun.reflect.DelegatingMethodAccessorImpl.invoke(DelegatingMethodAccessorImpl.java:43)
	at java.lang.reflect.Method.invoke(Method.java:606)
	at com.intellij.rt.execution.application.AppMain.main(AppMain.java:147)
Caused by: java.lang.ClassNotFoundException: org.apache.log.format.Formatter
	at java.net.URLClassLoader$1.run(URLClassLoader.java:366)
	at java.net.URLClassLoader$1.run(URLClassLoader.java:355)
	at java.security.AccessController.doPrivileged(Native Method)
	at java.net.URLClassLoader.findClass(URLClassLoader.java:354)
	at java.lang.ClassLoader.loadClass(ClassLoader.java:425)
	at sun.misc.Launcher$AppClassLoader.loadClass(Launcher.java:308)
	at java.lang.ClassLoader.loadClass(ClassLoader.java:358)
	... 44 more
2017-08-07 16:16:34,760 - Couldn't find class org.apache.velocity.runtime.log.AvalonLogChute or necessary supporting classes in classpath.
java.lang.NoClassDefFoundError: org/apache/log/format/Formatter
	at java.lang.Class.forName0(Native Method)
	at java.lang.Class.forName(Class.java:274)
	at org.apache.velocity.util.ClassUtils.getClass(ClassUtils.java:63)
	at org.apache.velocity.util.ClassUtils.getNewInstance(ClassUtils.java:95)
	at org.apache.velocity.runtime.log.LogManager.createLogChute(LogManager.java:147)
	at org.apache.velocity.runtime.log.LogManager.updateLog(LogManager.java:208)
	at org.apache.velocity.runtime.RuntimeInstance.initializeLog(RuntimeInstance.java:728)
	at org.apache.velocity.runtime.RuntimeInstance.init(RuntimeInstance.java:240)
	at org.apache.velocity.runtime.RuntimeInstance.getTemplate(RuntimeInstance.java:1099)
	at org.apache.velocity.app.VelocityEngine.mergeTemplate(VelocityEngine.java:498)
	at org.springframework.ui.velocity.VelocityEngineUtils.mergeTemplate(VelocityEngineUtils.java:71)
	at org.springframework.ui.velocity.VelocityEngineUtils.mergeTemplateIntoString(VelocityEngineUtils.java:112)
	at org.chapter.databasic.mail.VelocityMailUtil.getContent(VelocityMailUtil.java:101)
	at org.chapter.databasic.mail.VelocityMailUtil.getMimeMessage(VelocityMailUtil.java:65)
	at org.chapter.databasic.mail.VelocityMailUtil.sendHtmlMail(VelocityMailUtil.java:40)
	at org.chapter.database.mail.VelocityMailUtilTest.sendEmail(VelocityMailUtilTest.java:31)
	at org.chapter.database.mail.VelocityMailUtilTest.testTableEmail(VelocityMailUtilTest.java:18)
	at sun.reflect.NativeMethodAccessorImpl.invoke0(Native Method)
	at sun.reflect.NativeMethodAccessorImpl.invoke(NativeMethodAccessorImpl.java:57)
	at sun.reflect.DelegatingMethodAccessorImpl.invoke(DelegatingMethodAccessorImpl.java:43)
	at java.lang.reflect.Method.invoke(Method.java:606)
	at org.junit.runners.model.FrameworkMethod$1.runReflectiveCall(FrameworkMethod.java:50)
	at org.junit.internal.runners.model.ReflectiveCallable.run(ReflectiveCallable.java:12)
	at org.junit.runners.model.FrameworkMethod.invokeExplosively(FrameworkMethod.java:47)
	at org.junit.internal.runners.statements.InvokeMethod.evaluate(InvokeMethod.java:17)
	at org.junit.runners.ParentRunner.runLeaf(ParentRunner.java:325)
	at org.junit.runners.BlockJUnit4ClassRunner.runChild(BlockJUnit4ClassRunner.java:78)
	at org.junit.runners.BlockJUnit4ClassRunner.runChild(BlockJUnit4ClassRunner.java:57)
	at org.junit.runners.ParentRunner$3.run(ParentRunner.java:290)
	at org.junit.runners.ParentRunner$1.schedule(ParentRunner.java:71)
	at org.junit.runners.ParentRunner.runChildren(ParentRunner.java:288)
	at org.junit.runners.ParentRunner.access$000(ParentRunner.java:58)
	at org.junit.runners.ParentRunner$2.evaluate(ParentRunner.java:268)
	at org.junit.runners.ParentRunner.run(ParentRunner.java:363)
	at org.junit.runner.JUnitCore.run(JUnitCore.java:137)
	at com.intellij.junit4.JUnit4IdeaTestRunner.startRunnerWithArgs(JUnit4IdeaTestRunner.java:117)
	at com.intellij.junit4.JUnit4IdeaTestRunner.startRunnerWithArgs(JUnit4IdeaTestRunner.java:42)
	at com.intellij.rt.execution.junit.JUnitStarter.prepareStreamsAndStart(JUnitStarter.java:262)
	at com.intellij.rt.execution.junit.JUnitStarter.main(JUnitStarter.java:84)
	at sun.reflect.NativeMethodAccessorImpl.invoke0(Native Method)
	at sun.reflect.NativeMethodAccessorImpl.invoke(NativeMethodAccessorImpl.java:57)
	at sun.reflect.DelegatingMethodAccessorImpl.invoke(DelegatingMethodAccessorImpl.java:43)
	at java.lang.reflect.Method.invoke(Method.java:606)
	at com.intellij.rt.execution.application.AppMain.main(AppMain.java:147)
Caused by: java.lang.ClassNotFoundException: org.apache.log.format.Formatter
	at java.net.URLClassLoader$1.run(URLClassLoader.java:366)
	at java.net.URLClassLoader$1.run(URLClassLoader.java:355)
	at java.security.AccessController.doPrivileged(Native Method)
	at java.net.URLClassLoader.findClass(URLClassLoader.java:354)
	at java.lang.ClassLoader.loadClass(ClassLoader.java:425)
	at sun.misc.Launcher$AppClassLoader.loadClass(Launcher.java:308)
	at java.lang.ClassLoader.loadClass(ClassLoader.java:358)
	... 44 more
2017-08-07 16:16:34,760 - Couldn't find class org.apache.velocity.runtime.log.AvalonLogChute or necessary supporting classes in classpath.
java.lang.NoClassDefFoundError: org/apache/log/format/Formatter
	at java.lang.Class.forName0(Native Method)
	at java.lang.Class.forName(Class.java:274)
	at org.apache.velocity.util.ClassUtils.getClass(ClassUtils.java:63)
	at org.apache.velocity.util.ClassUtils.getNewInstance(ClassUtils.java:95)
	at org.apache.velocity.runtime.log.LogManager.createLogChute(LogManager.java:147)
	at org.apache.velocity.runtime.log.LogManager.updateLog(LogManager.java:208)
	at org.apache.velocity.runtime.RuntimeInstance.initializeLog(RuntimeInstance.java:728)
	at org.apache.velocity.runtime.RuntimeInstance.init(RuntimeInstance.java:240)
	at org.apache.velocity.runtime.RuntimeInstance.getTemplate(RuntimeInstance.java:1099)
	at org.apache.velocity.app.VelocityEngine.mergeTemplate(VelocityEngine.java:498)
	at org.springframework.ui.velocity.VelocityEngineUtils.mergeTemplate(VelocityEngineUtils.java:71)
	at org.springframework.ui.velocity.VelocityEngineUtils.mergeTemplateIntoString(VelocityEngineUtils.java:112)
	at org.chapter.databasic.mail.VelocityMailUtil.getContent(VelocityMailUtil.java:101)
	at org.chapter.databasic.mail.VelocityMailUtil.getMimeMessage(VelocityMailUtil.java:65)
	at org.chapter.databasic.mail.VelocityMailUtil.sendHtmlMail(VelocityMailUtil.java:40)
	at org.chapter.database.mail.VelocityMailUtilTest.sendEmail(VelocityMailUtilTest.java:31)
	at org.chapter.database.mail.VelocityMailUtilTest.testTableEmail(VelocityMailUtilTest.java:18)
	at sun.reflect.NativeMethodAccessorImpl.invoke0(Native Method)
	at sun.reflect.NativeMethodAccessorImpl.invoke(NativeMethodAccessorImpl.java:57)
	at sun.reflect.DelegatingMethodAccessorImpl.invoke(DelegatingMethodAccessorImpl.java:43)
	at java.lang.reflect.Method.invoke(Method.java:606)
	at org.junit.runners.model.FrameworkMethod$1.runReflectiveCall(FrameworkMethod.java:50)
	at org.junit.internal.runners.model.ReflectiveCallable.run(ReflectiveCallable.java:12)
	at org.junit.runners.model.FrameworkMethod.invokeExplosively(FrameworkMethod.java:47)
	at org.junit.internal.runners.statements.InvokeMethod.evaluate(InvokeMethod.java:17)
	at org.junit.runners.ParentRunner.runLeaf(ParentRunner.java:325)
	at org.junit.runners.BlockJUnit4ClassRunner.runChild(BlockJUnit4ClassRunner.java:78)
	at org.junit.runners.BlockJUnit4ClassRunner.runChild(BlockJUnit4ClassRunner.java:57)
	at org.junit.runners.ParentRunner$3.run(ParentRunner.java:290)
	at org.junit.runners.ParentRunner$1.schedule(ParentRunner.java:71)
	at org.junit.runners.ParentRunner.runChildren(ParentRunner.java:288)
	at org.junit.runners.ParentRunner.access$000(ParentRunner.java:58)
	at org.junit.runners.ParentRunner$2.evaluate(ParentRunner.java:268)
	at org.junit.runners.ParentRunner.run(ParentRunner.java:363)
	at org.junit.runner.JUnitCore.run(JUnitCore.java:137)
	at com.intellij.junit4.JUnit4IdeaTestRunner.startRunnerWithArgs(JUnit4IdeaTestRunner.java:117)
	at com.intellij.junit4.JUnit4IdeaTestRunner.startRunnerWithArgs(JUnit4IdeaTestRunner.java:42)
	at com.intellij.rt.execution.junit.JUnitStarter.prepareStreamsAndStart(JUnitStarter.java:262)
	at com.intellij.rt.execution.junit.JUnitStarter.main(JUnitStarter.java:84)
	at sun.reflect.NativeMethodAccessorImpl.invoke0(Native Method)
	at sun.reflect.NativeMethodAccessorImpl.invoke(NativeMethodAccessorImpl.java:57)
	at sun.reflect.DelegatingMethodAccessorImpl.invoke(DelegatingMethodAccessorImpl.java:43)
	at java.lang.reflect.Method.invoke(Method.java:606)
	at com.intellij.rt.execution.application.AppMain.main(AppMain.java:147)
Caused by: java.lang.ClassNotFoundException: org.apache.log.format.Formatter
	at java.net.URLClassLoader$1.run(URLClassLoader.java:366)
	at java.net.URLClassLoader$1.run(URLClassLoader.java:355)
	at java.security.AccessController.doPrivileged(Native Method)
	at java.net.URLClassLoader.findClass(URLClassLoader.java:354)
	at java.lang.ClassLoader.loadClass(ClassLoader.java:425)
	at sun.misc.Launcher$AppClassLoader.loadClass(Launcher.java:308)
	at java.lang.ClassLoader.loadClass(ClassLoader.java:358)
	... 44 more
2017-08-07 16:16:34,762 - Trying to use logger class org.apache.velocity.runtime.log.Log4JLogChute
2017-08-07 16:16:34,762 - Trying to use logger class org.apache.velocity.runtime.log.Log4JLogChute
2017-08-07 16:16:34,762 - Trying to use logger class org.apache.velocity.runtime.log.Log4JLogChute
2017-08-07 16:16:34,762 - Using logger class org.apache.velocity.runtime.log.Log4JLogChute
2017-08-07 16:16:34,762 - Using logger class org.apache.velocity.runtime.log.Log4JLogChute
2017-08-07 16:16:34,762 - Using logger class org.apache.velocity.runtime.log.Log4JLogChute
2017-08-07 16:16:34,762 - Default ResourceManager initializing. (class org.apache.velocity.runtime.resource.ResourceManagerImpl)
2017-08-07 16:16:34,762 - Default ResourceManager initializing. (class org.apache.velocity.runtime.resource.ResourceManagerImpl)
2017-08-07 16:16:34,762 - Default ResourceManager initializing. (class org.apache.velocity.runtime.resource.ResourceManagerImpl)
2017-08-07 16:16:34,762 - ResourceLoader instantiated: org.apache.velocity.runtime.resource.loader.ClasspathResourceLoader
2017-08-07 16:16:34,762 - ResourceLoader instantiated: org.apache.velocity.runtime.resource.loader.ClasspathResourceLoader
2017-08-07 16:16:34,762 - ResourceLoader instantiated: org.apache.velocity.runtime.resource.loader.ClasspathResourceLoader
2017-08-07 16:16:34,762 - ResourceCache: initialized (class org.apache.velocity.runtime.resource.ResourceCacheImpl)
2017-08-07 16:16:34,762 - ResourceCache: initialized (class org.apache.velocity.runtime.resource.ResourceCacheImpl)
2017-08-07 16:16:34,762 - ResourceCache: initialized (class org.apache.velocity.runtime.resource.ResourceCacheImpl)
2017-08-07 16:16:34,762 - Loaded System Directive: org.apache.velocity.runtime.directive.Literal
2017-08-07 16:16:34,762 - Loaded System Directive: org.apache.velocity.runtime.directive.Literal
2017-08-07 16:16:34,762 - Loaded System Directive: org.apache.velocity.runtime.directive.Literal
2017-08-07 16:16:34,762 - Loaded System Directive: org.apache.velocity.runtime.directive.Macro
2017-08-07 16:16:34,762 - Loaded System Directive: org.apache.velocity.runtime.directive.Macro
2017-08-07 16:16:34,762 - Loaded System Directive: org.apache.velocity.runtime.directive.Macro
2017-08-07 16:16:34,762 - Loaded System Directive: org.apache.velocity.runtime.directive.Parse
2017-08-07 16:16:34,762 - Loaded System Directive: org.apache.velocity.runtime.directive.Parse
2017-08-07 16:16:34,762 - Loaded System Directive: org.apache.velocity.runtime.directive.Parse
2017-08-07 16:16:34,763 - Loaded System Directive: org.apache.velocity.runtime.directive.Include
2017-08-07 16:16:34,763 - Loaded System Directive: org.apache.velocity.runtime.directive.Include
2017-08-07 16:16:34,763 - Loaded System Directive: org.apache.velocity.runtime.directive.Include
2017-08-07 16:16:34,763 - Loaded System Directive: org.apache.velocity.runtime.directive.Foreach
2017-08-07 16:16:34,763 - Loaded System Directive: org.apache.velocity.runtime.directive.Foreach
2017-08-07 16:16:34,763 - Loaded System Directive: org.apache.velocity.runtime.directive.Foreach
2017-08-07 16:16:34,763 - Created '20' parsers.
2017-08-07 16:16:34,763 - Created '20' parsers.
2017-08-07 16:16:34,763 - Created '20' parsers.
2017-08-07 16:16:34,764 - Velocimacro : "velocimacro.library" is not set.  Trying default library: VM_global_library.vm
2017-08-07 16:16:34,764 - Velocimacro : "velocimacro.library" is not set.  Trying default library: VM_global_library.vm
2017-08-07 16:16:34,764 - Velocimacro : "velocimacro.library" is not set.  Trying default library: VM_global_library.vm
2017-08-07 16:16:34,764 - Velocimacro : Default library not found.
2017-08-07 16:16:34,764 - Velocimacro : Default library not found.
2017-08-07 16:16:34,764 - Velocimacro : Default library not found.
2017-08-07 16:16:34,764 - Velocimacro : allowInline = true : VMs can be defined inline in templates
2017-08-07 16:16:34,764 - Velocimacro : allowInline = true : VMs can be defined inline in templates
2017-08-07 16:16:34,764 - Velocimacro : allowInline = true : VMs can be defined inline in templates
2017-08-07 16:16:34,764 - Velocimacro : allowInlineToOverride = false : VMs defined inline may NOT replace previous VM definitions
2017-08-07 16:16:34,764 - Velocimacro : allowInlineToOverride = false : VMs defined inline may NOT replace previous VM definitions
2017-08-07 16:16:34,764 - Velocimacro : allowInlineToOverride = false : VMs defined inline may NOT replace previous VM definitions
2017-08-07 16:16:34,764 - Velocimacro : allowInlineLocal = false : VMs defined inline will be global in scope if allowed.
2017-08-07 16:16:34,764 - Velocimacro : allowInlineLocal = false : VMs defined inline will be global in scope if allowed.
2017-08-07 16:16:34,764 - Velocimacro : allowInlineLocal = false : VMs defined inline will be global in scope if allowed.
2017-08-07 16:16:34,764 - Velocimacro : autoload off : VM system will not automatically reload global library macros
2017-08-07 16:16:34,764 - Velocimacro : autoload off : VM system will not automatically reload global library macros
2017-08-07 16:16:34,764 - Velocimacro : autoload off : VM system will not automatically reload global library macros
2017-08-07 16:16:34,766 - ResourceManager : found mail_table.vm with loader org.apache.velocity.runtime.resource.loader.ClasspathResourceLoader
2017-08-07 16:16:34,766 - ResourceManager : found mail_table.vm with loader org.apache.velocity.runtime.resource.loader.ClasspathResourceLoader
2017-08-07 16:16:34,766 - ResourceManager : found mail_table.vm with loader org.apache.velocity.runtime.resource.loader.ClasspathResourceLoader
2017-08-07 16:16:37,020 - Log4JLogChute initialized using file 'velocity.log'
2017-08-07 16:16:37,020 - Log4JLogChute initialized using file 'velocity.log'
2017-08-07 16:16:37,020 - Log4JLogChute initialized using file 'velocity.log'
2017-08-07 16:16:37,020 - Log4JLogChute initialized using file 'velocity.log'
2017-08-07 16:16:37,020 - Velocity not initialized yet. Calling init()...
2017-08-07 16:16:37,020 - Velocity not initialized yet. Calling init()...
2017-08-07 16:16:37,020 - Velocity not initialized yet. Calling init()...
2017-08-07 16:16:37,020 - Velocity not initialized yet. Calling init()...
2017-08-07 16:16:37,020 - Starting Apache Velocity v1.5 (compiled: 2007-02-22 08:52:29)
2017-08-07 16:16:37,020 - Starting Apache Velocity v1.5 (compiled: 2007-02-22 08:52:29)
2017-08-07 16:16:37,020 - Starting Apache Velocity v1.5 (compiled: 2007-02-22 08:52:29)
2017-08-07 16:16:37,020 - Starting Apache Velocity v1.5 (compiled: 2007-02-22 08:52:29)
2017-08-07 16:16:37,020 - Default Properties File: org/apache/velocity/runtime/defaults/velocity.properties
2017-08-07 16:16:37,020 - Default Properties File: org/apache/velocity/runtime/defaults/velocity.properties
2017-08-07 16:16:37,020 - Default Properties File: org/apache/velocity/runtime/defaults/velocity.properties
2017-08-07 16:16:37,020 - Default Properties File: org/apache/velocity/runtime/defaults/velocity.properties
2017-08-07 16:16:37,020 - Trying to use logger class org.apache.velocity.runtime.log.AvalonLogChute
2017-08-07 16:16:37,020 - Trying to use logger class org.apache.velocity.runtime.log.AvalonLogChute
2017-08-07 16:16:37,020 - Trying to use logger class org.apache.velocity.runtime.log.AvalonLogChute
2017-08-07 16:16:37,020 - Trying to use logger class org.apache.velocity.runtime.log.AvalonLogChute
2017-08-07 16:16:37,020 - Couldn't find class org.apache.velocity.runtime.log.AvalonLogChute or necessary supporting classes in classpath.
java.lang.NoClassDefFoundError: org/apache/log/format/Formatter
	at java.lang.Class.forName0(Native Method)
	at java.lang.Class.forName(Class.java:274)
	at org.apache.velocity.util.ClassUtils.getClass(ClassUtils.java:63)
	at org.apache.velocity.util.ClassUtils.getNewInstance(ClassUtils.java:95)
	at org.apache.velocity.runtime.log.LogManager.createLogChute(LogManager.java:147)
	at org.apache.velocity.runtime.log.LogManager.updateLog(LogManager.java:208)
	at org.apache.velocity.runtime.RuntimeInstance.initializeLog(RuntimeInstance.java:728)
	at org.apache.velocity.runtime.RuntimeInstance.init(RuntimeInstance.java:240)
	at org.apache.velocity.runtime.RuntimeInstance.getTemplate(RuntimeInstance.java:1099)
	at org.apache.velocity.app.VelocityEngine.mergeTemplate(VelocityEngine.java:498)
	at org.springframework.ui.velocity.VelocityEngineUtils.mergeTemplate(VelocityEngineUtils.java:71)
	at org.springframework.ui.velocity.VelocityEngineUtils.mergeTemplateIntoString(VelocityEngineUtils.java:112)
	at org.chapter.databasic.mail.VelocityMailUtil.getContent(VelocityMailUtil.java:101)
	at org.chapter.databasic.mail.VelocityMailUtil.getMimeMessage(VelocityMailUtil.java:65)
	at org.chapter.databasic.mail.VelocityMailUtil.sendHtmlMail(VelocityMailUtil.java:40)
	at org.chapter.database.mail.VelocityMailUtilTest.sendEmail(VelocityMailUtilTest.java:31)
	at org.chapter.database.mail.VelocityMailUtilTest.testTableEmail(VelocityMailUtilTest.java:18)
	at sun.reflect.NativeMethodAccessorImpl.invoke0(Native Method)
	at sun.reflect.NativeMethodAccessorImpl.invoke(NativeMethodAccessorImpl.java:57)
	at sun.reflect.DelegatingMethodAccessorImpl.invoke(DelegatingMethodAccessorImpl.java:43)
	at java.lang.reflect.Method.invoke(Method.java:606)
	at org.junit.runners.model.FrameworkMethod$1.runReflectiveCall(FrameworkMethod.java:50)
	at org.junit.internal.runners.model.ReflectiveCallable.run(ReflectiveCallable.java:12)
	at org.junit.runners.model.FrameworkMethod.invokeExplosively(FrameworkMethod.java:47)
	at org.junit.internal.runners.statements.InvokeMethod.evaluate(InvokeMethod.java:17)
	at org.junit.runners.ParentRunner.runLeaf(ParentRunner.java:325)
	at org.junit.runners.BlockJUnit4ClassRunner.runChild(BlockJUnit4ClassRunner.java:78)
	at org.junit.runners.BlockJUnit4ClassRunner.runChild(BlockJUnit4ClassRunner.java:57)
	at org.junit.runners.ParentRunner$3.run(ParentRunner.java:290)
	at org.junit.runners.ParentRunner$1.schedule(ParentRunner.java:71)
	at org.junit.runners.ParentRunner.runChildren(ParentRunner.java:288)
	at org.junit.runners.ParentRunner.access$000(ParentRunner.java:58)
	at org.junit.runners.ParentRunner$2.evaluate(ParentRunner.java:268)
	at org.junit.runners.ParentRunner.run(ParentRunner.java:363)
	at org.junit.runner.JUnitCore.run(JUnitCore.java:137)
	at com.intellij.junit4.JUnit4IdeaTestRunner.startRunnerWithArgs(JUnit4IdeaTestRunner.java:117)
	at com.intellij.junit4.JUnit4IdeaTestRunner.startRunnerWithArgs(JUnit4IdeaTestRunner.java:42)
	at com.intellij.rt.execution.junit.JUnitStarter.prepareStreamsAndStart(JUnitStarter.java:262)
	at com.intellij.rt.execution.junit.JUnitStarter.main(JUnitStarter.java:84)
	at sun.reflect.NativeMethodAccessorImpl.invoke0(Native Method)
	at sun.reflect.NativeMethodAccessorImpl.invoke(NativeMethodAccessorImpl.java:57)
	at sun.reflect.DelegatingMethodAccessorImpl.invoke(DelegatingMethodAccessorImpl.java:43)
	at java.lang.reflect.Method.invoke(Method.java:606)
	at com.intellij.rt.execution.application.AppMain.main(AppMain.java:147)
Caused by: java.lang.ClassNotFoundException: org.apache.log.format.Formatter
	at java.net.URLClassLoader$1.run(URLClassLoader.java:366)
	at java.net.URLClassLoader$1.run(URLClassLoader.java:355)
	at java.security.AccessController.doPrivileged(Native Method)
	at java.net.URLClassLoader.findClass(URLClassLoader.java:354)
	at java.lang.ClassLoader.loadClass(ClassLoader.java:425)
	at sun.misc.Launcher$AppClassLoader.loadClass(Launcher.java:308)
	at java.lang.ClassLoader.loadClass(ClassLoader.java:358)
	... 44 more
2017-08-07 16:16:37,020 - Couldn't find class org.apache.velocity.runtime.log.AvalonLogChute or necessary supporting classes in classpath.
java.lang.NoClassDefFoundError: org/apache/log/format/Formatter
	at java.lang.Class.forName0(Native Method)
	at java.lang.Class.forName(Class.java:274)
	at org.apache.velocity.util.ClassUtils.getClass(ClassUtils.java:63)
	at org.apache.velocity.util.ClassUtils.getNewInstance(ClassUtils.java:95)
	at org.apache.velocity.runtime.log.LogManager.createLogChute(LogManager.java:147)
	at org.apache.velocity.runtime.log.LogManager.updateLog(LogManager.java:208)
	at org.apache.velocity.runtime.RuntimeInstance.initializeLog(RuntimeInstance.java:728)
	at org.apache.velocity.runtime.RuntimeInstance.init(RuntimeInstance.java:240)
	at org.apache.velocity.runtime.RuntimeInstance.getTemplate(RuntimeInstance.java:1099)
	at org.apache.velocity.app.VelocityEngine.mergeTemplate(VelocityEngine.java:498)
	at org.springframework.ui.velocity.VelocityEngineUtils.mergeTemplate(VelocityEngineUtils.java:71)
	at org.springframework.ui.velocity.VelocityEngineUtils.mergeTemplateIntoString(VelocityEngineUtils.java:112)
	at org.chapter.databasic.mail.VelocityMailUtil.getContent(VelocityMailUtil.java:101)
	at org.chapter.databasic.mail.VelocityMailUtil.getMimeMessage(VelocityMailUtil.java:65)
	at org.chapter.databasic.mail.VelocityMailUtil.sendHtmlMail(VelocityMailUtil.java:40)
	at org.chapter.database.mail.VelocityMailUtilTest.sendEmail(VelocityMailUtilTest.java:31)
	at org.chapter.database.mail.VelocityMailUtilTest.testTableEmail(VelocityMailUtilTest.java:18)
	at sun.reflect.NativeMethodAccessorImpl.invoke0(Native Method)
	at sun.reflect.NativeMethodAccessorImpl.invoke(NativeMethodAccessorImpl.java:57)
	at sun.reflect.DelegatingMethodAccessorImpl.invoke(DelegatingMethodAccessorImpl.java:43)
	at java.lang.reflect.Method.invoke(Method.java:606)
	at org.junit.runners.model.FrameworkMethod$1.runReflectiveCall(FrameworkMethod.java:50)
	at org.junit.internal.runners.model.ReflectiveCallable.run(ReflectiveCallable.java:12)
	at org.junit.runners.model.FrameworkMethod.invokeExplosively(FrameworkMethod.java:47)
	at org.junit.internal.runners.statements.InvokeMethod.evaluate(InvokeMethod.java:17)
	at org.junit.runners.ParentRunner.runLeaf(ParentRunner.java:325)
	at org.junit.runners.BlockJUnit4ClassRunner.runChild(BlockJUnit4ClassRunner.java:78)
	at org.junit.runners.BlockJUnit4ClassRunner.runChild(BlockJUnit4ClassRunner.java:57)
	at org.junit.runners.ParentRunner$3.run(ParentRunner.java:290)
	at org.junit.runners.ParentRunner$1.schedule(ParentRunner.java:71)
	at org.junit.runners.ParentRunner.runChildren(ParentRunner.java:288)
	at org.junit.runners.ParentRunner.access$000(ParentRunner.java:58)
	at org.junit.runners.ParentRunner$2.evaluate(ParentRunner.java:268)
	at org.junit.runners.ParentRunner.run(ParentRunner.java:363)
	at org.junit.runner.JUnitCore.run(JUnitCore.java:137)
	at com.intellij.junit4.JUnit4IdeaTestRunner.startRunnerWithArgs(JUnit4IdeaTestRunner.java:117)
	at com.intellij.junit4.JUnit4IdeaTestRunner.startRunnerWithArgs(JUnit4IdeaTestRunner.java:42)
	at com.intellij.rt.execution.junit.JUnitStarter.prepareStreamsAndStart(JUnitStarter.java:262)
	at com.intellij.rt.execution.junit.JUnitStarter.main(JUnitStarter.java:84)
	at sun.reflect.NativeMethodAccessorImpl.invoke0(Native Method)
	at sun.reflect.NativeMethodAccessorImpl.invoke(NativeMethodAccessorImpl.java:57)
	at sun.reflect.DelegatingMethodAccessorImpl.invoke(DelegatingMethodAccessorImpl.java:43)
	at java.lang.reflect.Method.invoke(Method.java:606)
	at com.intellij.rt.execution.application.AppMain.main(AppMain.java:147)
Caused by: java.lang.ClassNotFoundException: org.apache.log.format.Formatter
	at java.net.URLClassLoader$1.run(URLClassLoader.java:366)
	at java.net.URLClassLoader$1.run(URLClassLoader.java:355)
	at java.security.AccessController.doPrivileged(Native Method)
	at java.net.URLClassLoader.findClass(URLClassLoader.java:354)
	at java.lang.ClassLoader.loadClass(ClassLoader.java:425)
	at sun.misc.Launcher$AppClassLoader.loadClass(Launcher.java:308)
	at java.lang.ClassLoader.loadClass(ClassLoader.java:358)
	... 44 more
2017-08-07 16:16:37,020 - Couldn't find class org.apache.velocity.runtime.log.AvalonLogChute or necessary supporting classes in classpath.
java.lang.NoClassDefFoundError: org/apache/log/format/Formatter
	at java.lang.Class.forName0(Native Method)
	at java.lang.Class.forName(Class.java:274)
	at org.apache.velocity.util.ClassUtils.getClass(ClassUtils.java:63)
	at org.apache.velocity.util.ClassUtils.getNewInstance(ClassUtils.java:95)
	at org.apache.velocity.runtime.log.LogManager.createLogChute(LogManager.java:147)
	at org.apache.velocity.runtime.log.LogManager.updateLog(LogManager.java:208)
	at org.apache.velocity.runtime.RuntimeInstance.initializeLog(RuntimeInstance.java:728)
	at org.apache.velocity.runtime.RuntimeInstance.init(RuntimeInstance.java:240)
	at org.apache.velocity.runtime.RuntimeInstance.getTemplate(RuntimeInstance.java:1099)
	at org.apache.velocity.app.VelocityEngine.mergeTemplate(VelocityEngine.java:498)
	at org.springframework.ui.velocity.VelocityEngineUtils.mergeTemplate(VelocityEngineUtils.java:71)
	at org.springframework.ui.velocity.VelocityEngineUtils.mergeTemplateIntoString(VelocityEngineUtils.java:112)
	at org.chapter.databasic.mail.VelocityMailUtil.getContent(VelocityMailUtil.java:101)
	at org.chapter.databasic.mail.VelocityMailUtil.getMimeMessage(VelocityMailUtil.java:65)
	at org.chapter.databasic.mail.VelocityMailUtil.sendHtmlMail(VelocityMailUtil.java:40)
	at org.chapter.database.mail.VelocityMailUtilTest.sendEmail(VelocityMailUtilTest.java:31)
	at org.chapter.database.mail.VelocityMailUtilTest.testTableEmail(VelocityMailUtilTest.java:18)
	at sun.reflect.NativeMethodAccessorImpl.invoke0(Native Method)
	at sun.reflect.NativeMethodAccessorImpl.invoke(NativeMethodAccessorImpl.java:57)
	at sun.reflect.DelegatingMethodAccessorImpl.invoke(DelegatingMethodAccessorImpl.java:43)
	at java.lang.reflect.Method.invoke(Method.java:606)
	at org.junit.runners.model.FrameworkMethod$1.runReflectiveCall(FrameworkMethod.java:50)
	at org.junit.internal.runners.model.ReflectiveCallable.run(ReflectiveCallable.java:12)
	at org.junit.runners.model.FrameworkMethod.invokeExplosively(FrameworkMethod.java:47)
	at org.junit.internal.runners.statements.InvokeMethod.evaluate(InvokeMethod.java:17)
	at org.junit.runners.ParentRunner.runLeaf(ParentRunner.java:325)
	at org.junit.runners.BlockJUnit4ClassRunner.runChild(BlockJUnit4ClassRunner.java:78)
	at org.junit.runners.BlockJUnit4ClassRunner.runChild(BlockJUnit4ClassRunner.java:57)
	at org.junit.runners.ParentRunner$3.run(ParentRunner.java:290)
	at org.junit.runners.ParentRunner$1.schedule(ParentRunner.java:71)
	at org.junit.runners.ParentRunner.runChildren(ParentRunner.java:288)
	at org.junit.runners.ParentRunner.access$000(ParentRunner.java:58)
	at org.junit.runners.ParentRunner$2.evaluate(ParentRunner.java:268)
	at org.junit.runners.ParentRunner.run(ParentRunner.java:363)
	at org.junit.runner.JUnitCore.run(JUnitCore.java:137)
	at com.intellij.junit4.JUnit4IdeaTestRunner.startRunnerWithArgs(JUnit4IdeaTestRunner.java:117)
	at com.intellij.junit4.JUnit4IdeaTestRunner.startRunnerWithArgs(JUnit4IdeaTestRunner.java:42)
	at com.intellij.rt.execution.junit.JUnitStarter.prepareStreamsAndStart(JUnitStarter.java:262)
	at com.intellij.rt.execution.junit.JUnitStarter.main(JUnitStarter.java:84)
	at sun.reflect.NativeMethodAccessorImpl.invoke0(Native Method)
	at sun.reflect.NativeMethodAccessorImpl.invoke(NativeMethodAccessorImpl.java:57)
	at sun.reflect.DelegatingMethodAccessorImpl.invoke(DelegatingMethodAccessorImpl.java:43)
	at java.lang.reflect.Method.invoke(Method.java:606)
	at com.intellij.rt.execution.application.AppMain.main(AppMain.java:147)
Caused by: java.lang.ClassNotFoundException: org.apache.log.format.Formatter
	at java.net.URLClassLoader$1.run(URLClassLoader.java:366)
	at java.net.URLClassLoader$1.run(URLClassLoader.java:355)
	at java.security.AccessController.doPrivileged(Native Method)
	at java.net.URLClassLoader.findClass(URLClassLoader.java:354)
	at java.lang.ClassLoader.loadClass(ClassLoader.java:425)
	at sun.misc.Launcher$AppClassLoader.loadClass(Launcher.java:308)
	at java.lang.ClassLoader.loadClass(ClassLoader.java:358)
	... 44 more
2017-08-07 16:16:37,020 - Couldn't find class org.apache.velocity.runtime.log.AvalonLogChute or necessary supporting classes in classpath.
java.lang.NoClassDefFoundError: org/apache/log/format/Formatter
	at java.lang.Class.forName0(Native Method)
	at java.lang.Class.forName(Class.java:274)
	at org.apache.velocity.util.ClassUtils.getClass(ClassUtils.java:63)
	at org.apache.velocity.util.ClassUtils.getNewInstance(ClassUtils.java:95)
	at org.apache.velocity.runtime.log.LogManager.createLogChute(LogManager.java:147)
	at org.apache.velocity.runtime.log.LogManager.updateLog(LogManager.java:208)
	at org.apache.velocity.runtime.RuntimeInstance.initializeLog(RuntimeInstance.java:728)
	at org.apache.velocity.runtime.RuntimeInstance.init(RuntimeInstance.java:240)
	at org.apache.velocity.runtime.RuntimeInstance.getTemplate(RuntimeInstance.java:1099)
	at org.apache.velocity.app.VelocityEngine.mergeTemplate(VelocityEngine.java:498)
	at org.springframework.ui.velocity.VelocityEngineUtils.mergeTemplate(VelocityEngineUtils.java:71)
	at org.springframework.ui.velocity.VelocityEngineUtils.mergeTemplateIntoString(VelocityEngineUtils.java:112)
	at org.chapter.databasic.mail.VelocityMailUtil.getContent(VelocityMailUtil.java:101)
	at org.chapter.databasic.mail.VelocityMailUtil.getMimeMessage(VelocityMailUtil.java:65)
	at org.chapter.databasic.mail.VelocityMailUtil.sendHtmlMail(VelocityMailUtil.java:40)
	at org.chapter.database.mail.VelocityMailUtilTest.sendEmail(VelocityMailUtilTest.java:31)
	at org.chapter.database.mail.VelocityMailUtilTest.testTableEmail(VelocityMailUtilTest.java:18)
	at sun.reflect.NativeMethodAccessorImpl.invoke0(Native Method)
	at sun.reflect.NativeMethodAccessorImpl.invoke(NativeMethodAccessorImpl.java:57)
	at sun.reflect.DelegatingMethodAccessorImpl.invoke(DelegatingMethodAccessorImpl.java:43)
	at java.lang.reflect.Method.invoke(Method.java:606)
	at org.junit.runners.model.FrameworkMethod$1.runReflectiveCall(FrameworkMethod.java:50)
	at org.junit.internal.runners.model.ReflectiveCallable.run(ReflectiveCallable.java:12)
	at org.junit.runners.model.FrameworkMethod.invokeExplosively(FrameworkMethod.java:47)
	at org.junit.internal.runners.statements.InvokeMethod.evaluate(InvokeMethod.java:17)
	at org.junit.runners.ParentRunner.runLeaf(ParentRunner.java:325)
	at org.junit.runners.BlockJUnit4ClassRunner.runChild(BlockJUnit4ClassRunner.java:78)
	at org.junit.runners.BlockJUnit4ClassRunner.runChild(BlockJUnit4ClassRunner.java:57)
	at org.junit.runners.ParentRunner$3.run(ParentRunner.java:290)
	at org.junit.runners.ParentRunner$1.schedule(ParentRunner.java:71)
	at org.junit.runners.ParentRunner.runChildren(ParentRunner.java:288)
	at org.junit.runners.ParentRunner.access$000(ParentRunner.java:58)
	at org.junit.runners.ParentRunner$2.evaluate(ParentRunner.java:268)
	at org.junit.runners.ParentRunner.run(ParentRunner.java:363)
	at org.junit.runner.JUnitCore.run(JUnitCore.java:137)
	at com.intellij.junit4.JUnit4IdeaTestRunner.startRunnerWithArgs(JUnit4IdeaTestRunner.java:117)
	at com.intellij.junit4.JUnit4IdeaTestRunner.startRunnerWithArgs(JUnit4IdeaTestRunner.java:42)
	at com.intellij.rt.execution.junit.JUnitStarter.prepareStreamsAndStart(JUnitStarter.java:262)
	at com.intellij.rt.execution.junit.JUnitStarter.main(JUnitStarter.java:84)
	at sun.reflect.NativeMethodAccessorImpl.invoke0(Native Method)
	at sun.reflect.NativeMethodAccessorImpl.invoke(NativeMethodAccessorImpl.java:57)
	at sun.reflect.DelegatingMethodAccessorImpl.invoke(DelegatingMethodAccessorImpl.java:43)
	at java.lang.reflect.Method.invoke(Method.java:606)
	at com.intellij.rt.execution.application.AppMain.main(AppMain.java:147)
Caused by: java.lang.ClassNotFoundException: org.apache.log.format.Formatter
	at java.net.URLClassLoader$1.run(URLClassLoader.java:366)
	at java.net.URLClassLoader$1.run(URLClassLoader.java:355)
	at java.security.AccessController.doPrivileged(Native Method)
	at java.net.URLClassLoader.findClass(URLClassLoader.java:354)
	at java.lang.ClassLoader.loadClass(ClassLoader.java:425)
	at sun.misc.Launcher$AppClassLoader.loadClass(Launcher.java:308)
	at java.lang.ClassLoader.loadClass(ClassLoader.java:358)
	... 44 more
2017-08-07 16:16:37,022 - Trying to use logger class org.apache.velocity.runtime.log.Log4JLogChute
2017-08-07 16:16:37,022 - Trying to use logger class org.apache.velocity.runtime.log.Log4JLogChute
2017-08-07 16:16:37,022 - Trying to use logger class org.apache.velocity.runtime.log.Log4JLogChute
2017-08-07 16:16:37,022 - Trying to use logger class org.apache.velocity.runtime.log.Log4JLogChute
2017-08-07 16:16:37,023 - Using logger class org.apache.velocity.runtime.log.Log4JLogChute
2017-08-07 16:16:37,023 - Using logger class org.apache.velocity.runtime.log.Log4JLogChute
2017-08-07 16:16:37,023 - Using logger class org.apache.velocity.runtime.log.Log4JLogChute
2017-08-07 16:16:37,023 - Using logger class org.apache.velocity.runtime.log.Log4JLogChute
2017-08-07 16:16:37,023 - Default ResourceManager initializing. (class org.apache.velocity.runtime.resource.ResourceManagerImpl)
2017-08-07 16:16:37,023 - Default ResourceManager initializing. (class org.apache.velocity.runtime.resource.ResourceManagerImpl)
2017-08-07 16:16:37,023 - Default ResourceManager initializing. (class org.apache.velocity.runtime.resource.ResourceManagerImpl)
2017-08-07 16:16:37,023 - Default ResourceManager initializing. (class org.apache.velocity.runtime.resource.ResourceManagerImpl)
2017-08-07 16:16:37,023 - ResourceLoader instantiated: org.apache.velocity.runtime.resource.loader.ClasspathResourceLoader
2017-08-07 16:16:37,023 - ResourceLoader instantiated: org.apache.velocity.runtime.resource.loader.ClasspathResourceLoader
2017-08-07 16:16:37,023 - ResourceLoader instantiated: org.apache.velocity.runtime.resource.loader.ClasspathResourceLoader
2017-08-07 16:16:37,023 - ResourceLoader instantiated: org.apache.velocity.runtime.resource.loader.ClasspathResourceLoader
2017-08-07 16:16:37,023 - ResourceCache: initialized (class org.apache.velocity.runtime.resource.ResourceCacheImpl)
2017-08-07 16:16:37,023 - ResourceCache: initialized (class org.apache.velocity.runtime.resource.ResourceCacheImpl)
2017-08-07 16:16:37,023 - ResourceCache: initialized (class org.apache.velocity.runtime.resource.ResourceCacheImpl)
2017-08-07 16:16:37,023 - ResourceCache: initialized (class org.apache.velocity.runtime.resource.ResourceCacheImpl)
2017-08-07 16:16:37,024 - Loaded System Directive: org.apache.velocity.runtime.directive.Literal
2017-08-07 16:16:37,024 - Loaded System Directive: org.apache.velocity.runtime.directive.Literal
2017-08-07 16:16:37,024 - Loaded System Directive: org.apache.velocity.runtime.directive.Literal
2017-08-07 16:16:37,024 - Loaded System Directive: org.apache.velocity.runtime.directive.Literal
2017-08-07 16:16:37,024 - Loaded System Directive: org.apache.velocity.runtime.directive.Macro
2017-08-07 16:16:37,024 - Loaded System Directive: org.apache.velocity.runtime.directive.Macro
2017-08-07 16:16:37,024 - Loaded System Directive: org.apache.velocity.runtime.directive.Macro
2017-08-07 16:16:37,024 - Loaded System Directive: org.apache.velocity.runtime.directive.Macro
2017-08-07 16:16:37,024 - Loaded System Directive: org.apache.velocity.runtime.directive.Parse
2017-08-07 16:16:37,024 - Loaded System Directive: org.apache.velocity.runtime.directive.Parse
2017-08-07 16:16:37,024 - Loaded System Directive: org.apache.velocity.runtime.directive.Parse
2017-08-07 16:16:37,024 - Loaded System Directive: org.apache.velocity.runtime.directive.Parse
2017-08-07 16:16:37,024 - Loaded System Directive: org.apache.velocity.runtime.directive.Include
2017-08-07 16:16:37,024 - Loaded System Directive: org.apache.velocity.runtime.directive.Include
2017-08-07 16:16:37,024 - Loaded System Directive: org.apache.velocity.runtime.directive.Include
2017-08-07 16:16:37,024 - Loaded System Directive: org.apache.velocity.runtime.directive.Include
2017-08-07 16:16:37,024 - Loaded System Directive: org.apache.velocity.runtime.directive.Foreach
2017-08-07 16:16:37,024 - Loaded System Directive: org.apache.velocity.runtime.directive.Foreach
2017-08-07 16:16:37,024 - Loaded System Directive: org.apache.velocity.runtime.directive.Foreach
2017-08-07 16:16:37,024 - Loaded System Directive: org.apache.velocity.runtime.directive.Foreach
2017-08-07 16:16:37,025 - Created '20' parsers.
2017-08-07 16:16:37,025 - Created '20' parsers.
2017-08-07 16:16:37,025 - Created '20' parsers.
2017-08-07 16:16:37,025 - Created '20' parsers.
2017-08-07 16:16:37,025 - Velocimacro : "velocimacro.library" is not set.  Trying default library: VM_global_library.vm
2017-08-07 16:16:37,025 - Velocimacro : "velocimacro.library" is not set.  Trying default library: VM_global_library.vm
2017-08-07 16:16:37,025 - Velocimacro : "velocimacro.library" is not set.  Trying default library: VM_global_library.vm
2017-08-07 16:16:37,025 - Velocimacro : "velocimacro.library" is not set.  Trying default library: VM_global_library.vm
2017-08-07 16:16:37,025 - Velocimacro : Default library not found.
2017-08-07 16:16:37,025 - Velocimacro : Default library not found.
2017-08-07 16:16:37,025 - Velocimacro : Default library not found.
2017-08-07 16:16:37,025 - Velocimacro : Default library not found.
2017-08-07 16:16:37,025 - Velocimacro : allowInline = true : VMs can be defined inline in templates
2017-08-07 16:16:37,025 - Velocimacro : allowInline = true : VMs can be defined inline in templates
2017-08-07 16:16:37,025 - Velocimacro : allowInline = true : VMs can be defined inline in templates
2017-08-07 16:16:37,025 - Velocimacro : allowInline = true : VMs can be defined inline in templates
2017-08-07 16:16:37,025 - Velocimacro : allowInlineToOverride = false : VMs defined inline may NOT replace previous VM definitions
2017-08-07 16:16:37,025 - Velocimacro : allowInlineToOverride = false : VMs defined inline may NOT replace previous VM definitions
2017-08-07 16:16:37,025 - Velocimacro : allowInlineToOverride = false : VMs defined inline may NOT replace previous VM definitions
2017-08-07 16:16:37,025 - Velocimacro : allowInlineToOverride = false : VMs defined inline may NOT replace previous VM definitions
2017-08-07 16:16:37,025 - Velocimacro : allowInlineLocal = false : VMs defined inline will be global in scope if allowed.
2017-08-07 16:16:37,025 - Velocimacro : allowInlineLocal = false : VMs defined inline will be global in scope if allowed.
2017-08-07 16:16:37,025 - Velocimacro : allowInlineLocal = false : VMs defined inline will be global in scope if allowed.
2017-08-07 16:16:37,025 - Velocimacro : allowInlineLocal = false : VMs defined inline will be global in scope if allowed.
2017-08-07 16:16:37,025 - Velocimacro : autoload off : VM system will not automatically reload global library macros
2017-08-07 16:16:37,025 - Velocimacro : autoload off : VM system will not automatically reload global library macros
2017-08-07 16:16:37,025 - Velocimacro : autoload off : VM system will not automatically reload global library macros
2017-08-07 16:16:37,025 - Velocimacro : autoload off : VM system will not automatically reload global library macros
2017-08-07 16:16:37,027 - ResourceManager : found mail_table.vm with loader org.apache.velocity.runtime.resource.loader.ClasspathResourceLoader
2017-08-07 16:16:37,027 - ResourceManager : found mail_table.vm with loader org.apache.velocity.runtime.resource.loader.ClasspathResourceLoader
2017-08-07 16:16:37,027 - ResourceManager : found mail_table.vm with loader org.apache.velocity.runtime.resource.loader.ClasspathResourceLoader
2017-08-07 16:16:37,027 - ResourceManager : found mail_table.vm with loader org.apache.velocity.runtime.resource.loader.ClasspathResourceLoader
2018-07-08 11:53:10,664 - Log4JLogChute initialized using file 'velocity.log'
2018-07-08 11:53:10,666 - Velocity not initialized yet. Calling init()...
2018-07-08 11:53:10,666 - Starting Apache Velocity v1.5 (compiled: 2007-02-22 08:52:29)
2018-07-08 11:53:10,667 - Default Properties File: org/apache/velocity/runtime/defaults/velocity.properties
2018-07-08 11:53:10,667 - Trying to use logger class org.apache.velocity.runtime.log.AvalonLogChute
2018-07-08 11:53:10,670 - Couldn't find class org.apache.velocity.runtime.log.AvalonLogChute or necessary supporting classes in classpath.
java.lang.NoClassDefFoundError: org/apache/log/format/Formatter
	at java.lang.Class.forName0(Native Method)
	at java.lang.Class.forName(Class.java:348)
	at org.apache.velocity.util.ClassUtils.getClass(ClassUtils.java:63)
	at org.apache.velocity.util.ClassUtils.getNewInstance(ClassUtils.java:95)
	at org.apache.velocity.runtime.log.LogManager.createLogChute(LogManager.java:147)
	at org.apache.velocity.runtime.log.LogManager.updateLog(LogManager.java:208)
	at org.apache.velocity.runtime.RuntimeInstance.initializeLog(RuntimeInstance.java:728)
	at org.apache.velocity.runtime.RuntimeInstance.init(RuntimeInstance.java:240)
	at org.apache.velocity.runtime.RuntimeInstance.getTemplate(RuntimeInstance.java:1099)
	at org.apache.velocity.app.VelocityEngine.mergeTemplate(VelocityEngine.java:498)
	at org.springframework.ui.velocity.VelocityEngineUtils.mergeTemplate(VelocityEngineUtils.java:71)
	at org.springframework.ui.velocity.VelocityEngineUtils.mergeTemplateIntoString(VelocityEngineUtils.java:112)
	at org.chapter.databasic.mail.VelocityMailUtil.getContent(VelocityMailUtil.java:101)
	at org.chapter.databasic.mail.VelocityMailUtil.getMimeMessage(VelocityMailUtil.java:65)
	at org.chapter.databasic.mail.VelocityMailUtil.sendHtmlMail(VelocityMailUtil.java:40)
	at org.chapter.database.mail.VelocityMailUtilTest.sendEmail(VelocityMailUtilTest.java:31)
	at org.chapter.database.mail.VelocityMailUtilTest.testTableEmail(VelocityMailUtilTest.java:18)
	at sun.reflect.NativeMethodAccessorImpl.invoke0(Native Method)
	at sun.reflect.NativeMethodAccessorImpl.invoke(NativeMethodAccessorImpl.java:62)
	at sun.reflect.DelegatingMethodAccessorImpl.invoke(DelegatingMethodAccessorImpl.java:43)
	at java.lang.reflect.Method.invoke(Method.java:498)
	at org.junit.runners.model.FrameworkMethod$1.runReflectiveCall(FrameworkMethod.java:50)
	at org.junit.internal.runners.model.ReflectiveCallable.run(ReflectiveCallable.java:12)
	at org.junit.runners.model.FrameworkMethod.invokeExplosively(FrameworkMethod.java:47)
	at org.junit.internal.runners.statements.InvokeMethod.evaluate(InvokeMethod.java:17)
	at org.junit.runners.ParentRunner.runLeaf(ParentRunner.java:325)
	at org.junit.runners.BlockJUnit4ClassRunner.runChild(BlockJUnit4ClassRunner.java:78)
	at org.junit.runners.BlockJUnit4ClassRunner.runChild(BlockJUnit4ClassRunner.java:57)
	at org.junit.runners.ParentRunner$3.run(ParentRunner.java:290)
	at org.junit.runners.ParentRunner$1.schedule(ParentRunner.java:71)
	at org.junit.runners.ParentRunner.runChildren(ParentRunner.java:288)
	at org.junit.runners.ParentRunner.access$000(ParentRunner.java:58)
	at org.junit.runners.ParentRunner$2.evaluate(ParentRunner.java:268)
	at org.junit.runners.ParentRunner.run(ParentRunner.java:363)
	at org.apache.maven.surefire.junit4.JUnit4Provider.execute(JUnit4Provider.java:252)
	at org.apache.maven.surefire.junit4.JUnit4Provider.executeTestSet(JUnit4Provider.java:141)
	at org.apache.maven.surefire.junit4.JUnit4Provider.invoke(JUnit4Provider.java:112)
	at sun.reflect.NativeMethodAccessorImpl.invoke0(Native Method)
	at sun.reflect.NativeMethodAccessorImpl.invoke(NativeMethodAccessorImpl.java:62)
	at sun.reflect.DelegatingMethodAccessorImpl.invoke(DelegatingMethodAccessorImpl.java:43)
	at java.lang.reflect.Method.invoke(Method.java:498)
	at org.apache.maven.surefire.util.ReflectionUtils.invokeMethodWithArray(ReflectionUtils.java:189)
	at org.apache.maven.surefire.booter.ProviderFactory$ProviderProxy.invoke(ProviderFactory.java:165)
	at org.apache.maven.surefire.booter.ProviderFactory.invokeProvider(ProviderFactory.java:85)
	at org.apache.maven.surefire.booter.ForkedBooter.runSuitesInProcess(ForkedBooter.java:115)
	at org.apache.maven.surefire.booter.ForkedBooter.main(ForkedBooter.java:75)
Caused by: java.lang.ClassNotFoundException: org.apache.log.format.Formatter
	at java.net.URLClassLoader.findClass(URLClassLoader.java:381)
	at java.lang.ClassLoader.loadClass(ClassLoader.java:424)
	at sun.misc.Launcher$AppClassLoader.loadClass(Launcher.java:349)
	at java.lang.ClassLoader.loadClass(ClassLoader.java:357)
	... 46 more
2018-07-08 11:53:10,675 - Trying to use logger class org.apache.velocity.runtime.log.Log4JLogChute
2018-07-08 11:53:10,675 - Using logger class org.apache.velocity.runtime.log.Log4JLogChute
2018-07-08 11:53:10,683 - Default ResourceManager initializing. (class org.apache.velocity.runtime.resource.ResourceManagerImpl)
2018-07-08 11:53:10,685 - ResourceLoader instantiated: org.apache.velocity.runtime.resource.loader.ClasspathResourceLoader
2018-07-08 11:53:10,718 - ResourceCache: initialized (class org.apache.velocity.runtime.resource.ResourceCacheImpl)
2018-07-08 11:53:10,719 - Loaded System Directive: org.apache.velocity.runtime.directive.Literal
2018-07-08 11:53:10,721 - Loaded System Directive: org.apache.velocity.runtime.directive.Macro
2018-07-08 11:53:10,723 - Loaded System Directive: org.apache.velocity.runtime.directive.Parse
2018-07-08 11:53:10,725 - Loaded System Directive: org.apache.velocity.runtime.directive.Include
2018-07-08 11:53:10,726 - Loaded System Directive: org.apache.velocity.runtime.directive.Foreach
2018-07-08 11:53:10,784 - Created '20' parsers.
2018-07-08 11:53:10,792 - Velocimacro : "velocimacro.library" is not set.  Trying default library: VM_global_library.vm
2018-07-08 11:53:10,793 - Velocimacro : Default library not found.
2018-07-08 11:53:10,793 - Velocimacro : allowInline = true : VMs can be defined inline in templates
2018-07-08 11:53:10,793 - Velocimacro : allowInlineToOverride = false : VMs defined inline may NOT replace previous VM definitions
2018-07-08 11:53:10,793 - Velocimacro : allowInlineLocal = false : VMs defined inline will be global in scope if allowed.
2018-07-08 11:53:10,793 - Velocimacro : autoload off : VM system will not automatically reload global library macros
2018-07-08 11:53:10,794 - ResourceManager : unable to find resource 'mail_table.vm' in any resource loader.
